Depth=     326 States=    1e+06 Transitions= 2.12e+06 Nodes=   60443 Memory=    17.378	t=    182 R=   6e+03
Depth=     326 States=    2e+06 Transitions= 4.29e+06 Nodes=   82004 Memory=    21.780	t=    365 R=   5e+03
Depth=     326 States=    3e+06 Transitions= 6.37e+06 Nodes=  117554 Memory=    27.382	t=    552 R=   5e+03
Depth=     326 States=    4e+06 Transitions= 8.57e+06 Nodes=  135490 Memory=    31.784	t=    742 R=   5e+03
Depth=     326 States=    5e+06 Transitions= 1.07e+07 Nodes=  178943 Memory=    38.987	t=    927 R=   5e+03
Depth=     326 States=    6e+06 Transitions= 1.28e+07 Nodes=  217713 Memory=    44.990	t= 1.11e+03 R=   5e+03
Depth=     326 States=    7e+06 Transitions=  1.5e+07 Nodes=  254802 Memory=    51.392	t= 1.3e+03 R=   5e+03
Depth=     326 States=    8e+06 Transitions= 1.72e+07 Nodes=  282694 Memory=    55.794	t= 1.49e+03 R=   5e+03

(Spin Version 6.0.1 -- 16 December 2010)
	+ Partial Order Reduction
	+ Compression
	+ Graph Encoding (-DMA=1112)

Full statespace search for:
	never claim         	- (none specified)
	assertion violations	+
	cycle checks       	- (disabled by -DSAFETY)
	invalid end states	+

State-vector 904 byte, depth reached 326, errors: 0
MA stats: -DMA=22 is sufficient
Minimized Automaton:	290514 nodes and 1.25306e+06 edges
  8787631 states, stored
 10114046 states, matched
 18901677 transitions (= stored+matched)
        0 atomic steps

Stats on memory usage (in Megabytes):
 7810.661	equivalent memory usage for states (stored*(State-vector + overhead))
   54.512	actual memory usage for states (compression: 0.70%)
    4.000	memory used for hash table (-w19)
    0.382	memory used for DFS stack (-m10000)
   58.195	total actual memory usage

nr of templates: [ globals chans procs ]
collapse counts: [ 65284 87 874 21 34 5 ]
unreached in proctype lockP
	code/distributed.p:119, state 23, "assert(0)"
	code/distributed.p:127, state 34, "assert((cmd==9))"
	(2 of 45 states)
unreached in proctype channel_home
	code/distributed.p:139, state 16, "ch_accept_lock_chan[ch_id]?id,r_state"
	code/distributed.p:140, state 17, "assert((r_pid==id))"
	code/distributed.p:138, state 18, "proc_acquire_lock_chan[r_pid]!ch_id"
	code/distributed.p:139, state 20, "ch_accept_lock_chan[ch_id]?id,w_state"
	code/distributed.p:140, state 21, "assert((w_pid==id))"
	code/distributed.p:138, state 22, "proc_acquire_lock_chan[w_pid]!ch_id"
	code/distributed.p:144, state 48, "proc_release_lock_chan[w_pid]!7,ch_id,255"
	code/distributed.p:139, state 87, "ch_accept_lock_chan[ch_id]?id,r_state"
	code/distributed.p:140, state 88, "assert((r_pid==id))"
	code/distributed.p:138, state 89, "proc_acquire_lock_chan[r_pid]!ch_id"
	code/distributed.p:139, state 91, "ch_accept_lock_chan[ch_id]?id,w_state"
	code/distributed.p:140, state 92, "assert((w_pid==id))"
	code/distributed.p:138, state 93, "proc_acquire_lock_chan[w_pid]!ch_id"
	code/distributed.p:144, state 119, "proc_release_lock_chan[w_pid]!7,ch_id,255"
	code/distributed.p:318, state 153, "(1)"
	(15 of 189 states)
unreached in proctype PR
	(0 of 36 states)
unreached in proctype PW
	(0 of 66 states)
unreached in init
	(0 of 8 states)

pan: elapsed time 1.64e+03 seconds
pan: rate 5351.8502 states/second
