Depth=     443 States=    1e+06 Transitions=  2.1e+06 Nodes=  150851 Memory=    32.985	t=    161 R=   6e+03
Depth=     443 States=    2e+06 Transitions= 4.41e+06 Nodes=  204495 Memory=    42.589	t=    332 R=   6e+03
Depth=     443 States=    3e+06 Transitions= 6.46e+06 Nodes=  199637 Memory=    45.790	t=    501 R=   6e+03
Depth=     443 States=    4e+06 Transitions= 8.74e+06 Nodes=  215964 Memory=    45.790	t=    672 R=   6e+03
Depth=     443 States=    5e+06 Transitions= 1.09e+07 Nodes=  247918 Memory=    54.593	t=    841 R=   6e+03
Depth=     446 States=    6e+06 Transitions= 1.29e+07 Nodes=  301221 Memory=    64.197	t= 1.01e+03 R=   6e+03
Depth=     446 States=    7e+06 Transitions= 1.49e+07 Nodes=  305431 Memory=    69.800	t= 1.18e+03 R=   6e+03
Depth=     446 States=    8e+06 Transitions= 1.72e+07 Nodes=  356337 Memory=    75.002	t= 1.35e+03 R=   6e+03
Depth=     446 States=    9e+06 Transitions= 1.94e+07 Nodes=  378277 Memory=    80.204	t= 1.52e+03 R=   6e+03
Depth=     446 States=    1e+07 Transitions= 2.18e+07 Nodes=  374241 Memory=    82.605	t= 1.7e+03 R=   6e+03
Depth=     446 States=  1.1e+07 Transitions= 2.42e+07 Nodes=  431096 Memory=    91.408	t= 1.88e+03 R=   6e+03
Depth=     446 States=  1.2e+07 Transitions= 2.66e+07 Nodes=  425706 Memory=    91.808	t= 2.06e+03 R=   6e+03
Depth=     446 States=  1.3e+07 Transitions= 2.89e+07 Nodes=  457412 Memory=    97.011	t= 2.23e+03 R=   6e+03
Depth=     446 States=  1.4e+07 Transitions= 3.12e+07 Nodes=  466135 Memory=    99.011	t= 2.4e+03 R=   6e+03
Depth=     446 States=  1.5e+07 Transitions= 3.32e+07 Nodes=  467829 Memory=    99.412	t= 2.57e+03 R=   6e+03
Depth=     446 States=  1.6e+07 Transitions= 3.54e+07 Nodes=  542615 Memory=   107.015	t= 2.74e+03 R=   6e+03
Depth=     446 States=  1.7e+07 Transitions= 3.77e+07 Nodes=  525726 Memory=   108.615	t= 2.92e+03 R=   6e+03
Depth=     446 States=  1.8e+07 Transitions= 3.98e+07 Nodes=  519347 Memory=   108.615	t= 3.09e+03 R=   6e+03
Depth=     446 States=  1.9e+07 Transitions= 4.22e+07 Nodes=  516231 Memory=   108.615	t= 3.27e+03 R=   6e+03
Depth=     446 States=    2e+07 Transitions= 4.46e+07 Nodes=  518713 Memory=   110.616	t= 3.45e+03 R=   6e+03
Depth=     446 States=  2.1e+07 Transitions= 4.68e+07 Nodes=  570608 Memory=   117.419	t= 3.62e+03 R=   6e+03
Depth=     446 States=  2.2e+07 Transitions=  4.9e+07 Nodes=  594273 Memory=   120.620	t= 3.79e+03 R=   6e+03
Depth=     446 States=  2.3e+07 Transitions= 5.11e+07 Nodes=  571285 Memory=   121.020	t= 3.96e+03 R=   6e+03
Depth=     446 States=  2.4e+07 Transitions= 5.33e+07 Nodes=  600186 Memory=   127.823	t= 4.13e+03 R=   6e+03
Depth=     446 States=  2.5e+07 Transitions= 5.54e+07 Nodes=  592265 Memory=   130.624	t= 4.3e+03 R=   6e+03
Depth=     446 States=  2.6e+07 Transitions= 5.77e+07 Nodes=  614874 Memory=   133.825	t= 4.48e+03 R=   6e+03
Depth=     446 States=  2.7e+07 Transitions=    6e+07 Nodes=  660646 Memory=   141.028	t= 4.65e+03 R=   6e+03
Depth=     446 States=  2.8e+07 Transitions= 6.24e+07 Nodes=  685754 Memory=   145.430	t= 4.83e+03 R=   6e+03
Depth=     446 States=  2.9e+07 Transitions= 6.47e+07 Nodes=  719685 Memory=   152.233	t=  5e+03 R=   6e+03
Depth=     446 States=    3e+07 Transitions= 6.71e+07 Nodes=  720878 Memory=   152.633	t= 5.17e+03 R=   6e+03
Depth=     446 States=  3.1e+07 Transitions= 6.94e+07 Nodes=  712178 Memory=   153.433	t= 5.34e+03 R=   6e+03
Depth=     446 States=  3.2e+07 Transitions= 7.15e+07 Nodes=  724722 Memory=   153.433	t= 5.51e+03 R=   6e+03
Depth=     446 States=  3.3e+07 Transitions= 7.36e+07 Nodes=  733010 Memory=   153.433	t= 5.68e+03 R=   6e+03
Depth=     446 States=  3.4e+07 Transitions= 7.56e+07 Nodes=  724149 Memory=   153.834	t= 5.85e+03 R=   6e+03
Depth=     446 States=  3.5e+07 Transitions= 7.79e+07 Nodes=  777712 Memory=   159.036	t= 6.02e+03 R=   6e+03
Depth=     446 States=  3.6e+07 Transitions= 8.01e+07 Nodes=  792633 Memory=   161.437	t= 6.2e+03 R=   6e+03
Depth=     446 States=  3.7e+07 Transitions= 8.24e+07 Nodes=  779654 Memory=   161.437	t= 6.38e+03 R=   6e+03
Depth=     446 States=  3.8e+07 Transitions= 8.49e+07 Nodes=  765260 Memory=   161.437	t= 6.56e+03 R=   6e+03
Depth=     446 States=  3.9e+07 Transitions= 8.72e+07 Nodes=  800568 Memory=   161.837	t= 6.74e+03 R=   6e+03
Depth=     446 States=    4e+07 Transitions= 8.96e+07 Nodes=  758781 Memory=   162.637	t= 6.92e+03 R=   6e+03
Depth=     446 States=  4.1e+07 Transitions= 9.19e+07 Nodes=  788701 Memory=   162.637	t= 7.1e+03 R=   6e+03
Depth=     446 States=  4.2e+07 Transitions= 9.41e+07 Nodes=  729879 Memory=   162.637	t= 7.27e+03 R=   6e+03
Depth=     446 States=  4.3e+07 Transitions= 9.64e+07 Nodes=  751042 Memory=   163.838	t= 7.44e+03 R=   6e+03
Depth=     446 States=  4.4e+07 Transitions= 9.87e+07 Nodes=  778707 Memory=   166.639	t= 7.61e+03 R=   6e+03
Depth=     446 States=  4.5e+07 Transitions= 1.01e+08 Nodes=  810501 Memory=   169.840	t= 7.79e+03 R=   6e+03
Depth=     446 States=  4.6e+07 Transitions= 1.03e+08 Nodes=  835042 Memory=   171.841	t= 7.95e+03 R=   6e+03
Depth=     446 States=  4.7e+07 Transitions= 1.06e+08 Nodes=  829519 Memory=   173.441	t= 8.13e+03 R=   6e+03
Depth=     446 States=  4.8e+07 Transitions= 1.08e+08 Nodes=  860636 Memory=   177.043	t= 8.29e+03 R=   6e+03
Depth=     446 States=  4.9e+07 Transitions= 1.11e+08 Nodes=  860712 Memory=   177.443	t= 8.46e+03 R=   6e+03
Depth=     446 States=    5e+07 Transitions= 1.13e+08 Nodes=  864611 Memory=   177.843	t= 8.63e+03 R=   6e+03
Depth=     446 States=  5.1e+07 Transitions= 1.15e+08 Nodes=  857244 Memory=   179.044	t= 8.8e+03 R=   6e+03
Depth=     446 States=  5.2e+07 Transitions= 1.18e+08 Nodes=  864075 Memory=   179.044	t= 8.98e+03 R=   6e+03
Depth=     446 States=  5.3e+07 Transitions=  1.2e+08 Nodes=  978702 Memory=   203.053	t= 9.15e+03 R=   6e+03
Depth=     446 States=  5.4e+07 Transitions= 1.22e+08 Nodes= 1020301 Memory=   213.458	t= 9.32e+03 R=   6e+03
Depth=     446 States=  5.5e+07 Transitions= 1.24e+08 Nodes= 1068820 Memory=   221.061	t= 9.49e+03 R=   6e+03
Depth=     446 States=  5.6e+07 Transitions= 1.26e+08 Nodes= 1071115 Memory=   221.461	t= 9.66e+03 R=   6e+03
Depth=     446 States=  5.7e+07 Transitions= 1.28e+08 Nodes= 1009237 Memory=   221.461	t= 9.84e+03 R=   6e+03
Depth=     446 States=  5.8e+07 Transitions= 1.31e+08 Nodes= 1031516 Memory=   223.862	t=  1e+04 R=   6e+03
Depth=     446 States=  5.9e+07 Transitions= 1.33e+08 Nodes= 1080501 Memory=   226.263	t= 1.02e+04 R=   6e+03
Depth=     446 States=    6e+07 Transitions= 1.35e+08 Nodes= 1092036 Memory=   229.464	t= 1.04e+04 R=   6e+03
Depth=     446 States=  6.1e+07 Transitions= 1.37e+08 Nodes= 1088566 Memory=   229.464	t= 1.05e+04 R=   6e+03
Depth=     446 States=  6.2e+07 Transitions= 1.39e+08 Nodes= 1116930 Memory=   231.065	t= 1.07e+04 R=   6e+03
Depth=     446 States=  6.3e+07 Transitions= 1.42e+08 Nodes= 1108119 Memory=   234.666	t= 1.09e+04 R=   6e+03
Depth=     446 States=  6.4e+07 Transitions= 1.44e+08 Nodes= 1064063 Memory=   234.666	t= 1.1e+04 R=   6e+03
Depth=     446 States=  6.5e+07 Transitions= 1.46e+08 Nodes= 1164665 Memory=   238.668	t= 1.12e+04 R=   6e+03
Depth=     446 States=  6.6e+07 Transitions= 1.48e+08 Nodes= 1183160 Memory=   245.871	t= 1.14e+04 R=   6e+03
Depth=     446 States=  6.7e+07 Transitions= 1.51e+08 Nodes= 1167080 Memory=   247.471	t= 1.16e+04 R=   6e+03
Depth=     446 States=  6.8e+07 Transitions= 1.53e+08 Nodes= 1195281 Memory=   249.472	t= 1.18e+04 R=   6e+03
Depth=     446 States=  6.9e+07 Transitions= 1.55e+08 Nodes= 1262073 Memory=   260.277	t= 1.19e+04 R=   6e+03
Depth=     446 States=    7e+07 Transitions= 1.57e+08 Nodes= 1275088 Memory=   261.877	t= 1.21e+04 R=   6e+03
Depth=     446 States=  7.1e+07 Transitions=  1.6e+08 Nodes= 1239907 Memory=   261.877	t= 1.23e+04 R=   6e+03
Depth=     446 States=  7.2e+07 Transitions= 1.62e+08 Nodes= 1219931 Memory=   261.877	t= 1.25e+04 R=   6e+03
Depth=     446 States=  7.3e+07 Transitions= 1.64e+08 Nodes= 1178953 Memory=   261.877	t= 1.27e+04 R=   6e+03
Depth=     446 States=  7.4e+07 Transitions= 1.66e+08 Nodes= 1134398 Memory=   261.877	t= 1.28e+04 R=   6e+03
Depth=     446 States=  7.5e+07 Transitions= 1.68e+08 Nodes= 1137615 Memory=   261.877	t= 1.3e+04 R=   6e+03
Depth=     446 States=  7.6e+07 Transitions= 1.71e+08 Nodes= 1153639 Memory=   262.277	t= 1.32e+04 R=   6e+03
Depth=     446 States=  7.7e+07 Transitions= 1.73e+08 Nodes= 1129211 Memory=   263.078	t= 1.34e+04 R=   6e+03
Depth=     446 States=  7.8e+07 Transitions= 1.75e+08 Nodes= 1156345 Memory=   263.878	t= 1.36e+04 R=   6e+03
Depth=     446 States=  7.9e+07 Transitions= 1.78e+08 Nodes= 1150641 Memory=   265.078	t= 1.37e+04 R=   6e+03
Depth=     446 States=    8e+07 Transitions=  1.8e+08 Nodes= 1180327 Memory=   267.079	t= 1.39e+04 R=   6e+03
Depth=     446 States=  8.1e+07 Transitions= 1.82e+08 Nodes= 1213863 Memory=   267.079	t= 1.41e+04 R=   6e+03
Depth=     446 States=  8.2e+07 Transitions= 1.84e+08 Nodes= 1234189 Memory=   267.079	t= 1.42e+04 R=   6e+03
Depth=     446 States=  8.3e+07 Transitions= 1.86e+08 Nodes= 1222999 Memory=   267.079	t= 1.44e+04 R=   6e+03
Depth=     446 States=  8.4e+07 Transitions= 1.89e+08 Nodes= 1223794 Memory=   267.079	t= 1.46e+04 R=   6e+03
Depth=     446 States=  8.5e+07 Transitions= 1.91e+08 Nodes= 1224019 Memory=   267.079	t= 1.48e+04 R=   6e+03
Depth=     446 States=  8.6e+07 Transitions= 1.93e+08 Nodes= 1235553 Memory=   267.079	t= 1.5e+04 R=   6e+03
Depth=     446 States=  8.7e+07 Transitions= 1.95e+08 Nodes= 1238956 Memory=   267.079	t= 1.51e+04 R=   6e+03
Depth=     446 States=  8.8e+07 Transitions= 1.97e+08 Nodes= 1242103 Memory=   267.079	t= 1.53e+04 R=   6e+03
Depth=     446 States=  8.9e+07 Transitions=    2e+08 Nodes= 1240495 Memory=   267.079	t= 1.55e+04 R=   6e+03
Depth=     446 States=    9e+07 Transitions= 2.02e+08 Nodes= 1232303 Memory=   267.079	t= 1.57e+04 R=   6e+03
Depth=     446 States=  9.1e+07 Transitions= 2.04e+08 Nodes= 1236162 Memory=   267.079	t= 1.59e+04 R=   6e+03
Depth=     446 States=  9.2e+07 Transitions= 2.07e+08 Nodes= 1234256 Memory=   267.079	t= 1.6e+04 R=   6e+03
Depth=     446 States=  9.3e+07 Transitions= 2.09e+08 Nodes= 1269144 Memory=   267.079	t= 1.62e+04 R=   6e+03
Depth=     446 States=  9.4e+07 Transitions= 2.11e+08 Nodes= 1256851 Memory=   267.079	t= 1.64e+04 R=   6e+03
Depth=     446 States=  9.5e+07 Transitions= 2.13e+08 Nodes= 1263431 Memory=   267.079	t= 1.66e+04 R=   6e+03
Depth=     446 States=  9.6e+07 Transitions= 2.15e+08 Nodes= 1217583 Memory=   267.079	t= 1.68e+04 R=   6e+03
Depth=     446 States=  9.7e+07 Transitions= 2.18e+08 Nodes= 1211641 Memory=   267.880	t= 1.69e+04 R=   6e+03
Depth=     446 States=  9.8e+07 Transitions=  2.2e+08 Nodes= 1331132 Memory=   277.083	t= 1.71e+04 R=   6e+03
Depth=     446 States=  9.9e+07 Transitions= 2.23e+08 Nodes= 1322765 Memory=   277.483	t= 1.73e+04 R=   6e+03
Depth=     446 States=    1e+08 Transitions= 2.25e+08 Nodes= 1308125 Memory=   277.483	t= 1.75e+04 R=   6e+03
Depth=     446 States= 1.01e+08 Transitions= 2.27e+08 Nodes= 1255705 Memory=   277.884	t= 1.77e+04 R=   6e+03
Depth=     446 States= 1.02e+08 Transitions=  2.3e+08 Nodes= 1236067 Memory=   277.884	t= 1.78e+04 R=   6e+03
Depth=     446 States= 1.03e+08 Transitions= 2.32e+08 Nodes= 1311598 Memory=   284.286	t= 1.8e+04 R=   6e+03
Depth=     446 States= 1.04e+08 Transitions= 2.34e+08 Nodes= 1393757 Memory=   293.090	t= 1.82e+04 R=   6e+03
Depth=     446 States= 1.05e+08 Transitions= 2.36e+08 Nodes= 1413748 Memory=   295.091	t= 1.83e+04 R=   6e+03
Depth=     446 States= 1.06e+08 Transitions= 2.38e+08 Nodes= 1402815 Memory=   295.091	t= 1.85e+04 R=   6e+03
Depth=     446 States= 1.07e+08 Transitions= 2.41e+08 Nodes= 1449400 Memory=   303.094	t= 1.87e+04 R=   6e+03
Depth=     446 States= 1.08e+08 Transitions= 2.43e+08 Nodes= 1476821 Memory=   309.496	t= 1.89e+04 R=   6e+03
Depth=     446 States= 1.09e+08 Transitions= 2.45e+08 Nodes= 1509732 Memory=   317.900	t= 1.9e+04 R=   6e+03
Depth=     446 States=  1.1e+08 Transitions= 2.47e+08 Nodes= 1518589 Memory=   321.101	t= 1.92e+04 R=   6e+03
Depth=     446 States= 1.11e+08 Transitions= 2.49e+08 Nodes= 1538381 Memory=   324.703	t= 1.94e+04 R=   6e+03
Depth=     446 States= 1.12e+08 Transitions= 2.51e+08 Nodes= 1570286 Memory=   329.505	t= 1.96e+04 R=   6e+03
Depth=     446 States= 1.13e+08 Transitions= 2.54e+08 Nodes= 1604844 Memory=   337.908	t= 1.97e+04 R=   6e+03
Depth=     446 States= 1.14e+08 Transitions= 2.56e+08 Nodes= 1609641 Memory=   338.708	t= 1.99e+04 R=   6e+03
Depth=     446 States= 1.15e+08 Transitions= 2.58e+08 Nodes= 1643987 Memory=   341.910	t= 2.01e+04 R=   6e+03
Depth=     446 States= 1.16e+08 Transitions=  2.6e+08 Nodes= 1627710 Memory=   341.910	t= 2.03e+04 R=   6e+03
Depth=     446 States= 1.17e+08 Transitions= 2.63e+08 Nodes= 1626737 Memory=   342.710	t= 2.04e+04 R=   6e+03
Depth=     446 States= 1.18e+08 Transitions= 2.65e+08 Nodes= 1653376 Memory=   345.111	t= 2.06e+04 R=   6e+03
Depth=     446 States= 1.19e+08 Transitions= 2.67e+08 Nodes= 1640935 Memory=   345.511	t= 2.08e+04 R=   6e+03
Depth=     446 States=  1.2e+08 Transitions= 2.69e+08 Nodes= 1648614 Memory=   345.911	t= 2.1e+04 R=   6e+03
Depth=     446 States= 1.21e+08 Transitions= 2.72e+08 Nodes= 1708284 Memory=   352.314	t= 2.11e+04 R=   6e+03
Depth=     446 States= 1.22e+08 Transitions= 2.74e+08 Nodes= 1698340 Memory=   353.514	t= 2.13e+04 R=   6e+03
Depth=     446 States= 1.23e+08 Transitions= 2.76e+08 Nodes= 1693512 Memory=   353.914	t= 2.15e+04 R=   6e+03
Depth=     446 States= 1.24e+08 Transitions= 2.78e+08 Nodes= 1691550 Memory=   353.914	t= 2.17e+04 R=   6e+03
Depth=     446 States= 1.25e+08 Transitions= 2.81e+08 Nodes= 1680271 Memory=   353.914	t= 2.19e+04 R=   6e+03
Depth=     446 States= 1.26e+08 Transitions= 2.83e+08 Nodes= 1738289 Memory=   358.316	t= 2.2e+04 R=   6e+03
Depth=     446 States= 1.27e+08 Transitions= 2.85e+08 Nodes= 1780120 Memory=   366.319	t= 2.22e+04 R=   6e+03
Depth=     446 States= 1.28e+08 Transitions= 2.88e+08 Nodes= 1809310 Memory=   371.121	t= 2.24e+04 R=   6e+03
Depth=     446 States= 1.29e+08 Transitions=  2.9e+08 Nodes= 1779198 Memory=   371.121	t= 2.26e+04 R=   6e+03
Depth=     446 States=  1.3e+08 Transitions= 2.92e+08 Nodes= 1815581 Memory=   375.523	t= 2.27e+04 R=   6e+03
Depth=     446 States= 1.31e+08 Transitions= 2.94e+08 Nodes= 1799112 Memory=   377.524	t= 2.29e+04 R=   6e+03
Depth=     446 States= 1.32e+08 Transitions= 2.96e+08 Nodes= 1813865 Memory=   379.525	t= 2.31e+04 R=   6e+03
Depth=     446 States= 1.33e+08 Transitions= 2.98e+08 Nodes= 1806381 Memory=   379.925	t= 2.33e+04 R=   6e+03
Depth=     446 States= 1.34e+08 Transitions= 3.01e+08 Nodes= 1844521 Memory=   383.927	t= 2.35e+04 R=   6e+03
Depth=     446 States= 1.35e+08 Transitions= 3.03e+08 Nodes= 1868976 Memory=   388.328	t= 2.36e+04 R=   6e+03
Depth=     446 States= 1.36e+08 Transitions= 3.05e+08 Nodes= 1890625 Memory=   391.530	t= 2.38e+04 R=   6e+03
Depth=     446 States= 1.37e+08 Transitions= 3.08e+08 Nodes= 1890336 Memory=   391.930	t= 2.4e+04 R=   6e+03
Depth=     446 States= 1.38e+08 Transitions=  3.1e+08 Nodes= 1882146 Memory=   392.330	t= 2.42e+04 R=   6e+03
Depth=     446 States= 1.39e+08 Transitions= 3.12e+08 Nodes= 1892187 Memory=   392.330	t= 2.43e+04 R=   6e+03
Depth=     446 States=  1.4e+08 Transitions= 3.14e+08 Nodes= 1886207 Memory=   392.330	t= 2.45e+04 R=   6e+03
Depth=     446 States= 1.41e+08 Transitions= 3.16e+08 Nodes= 1875036 Memory=   392.730	t= 2.47e+04 R=   6e+03
Depth=     446 States= 1.42e+08 Transitions= 3.19e+08 Nodes= 1938825 Memory=   399.133	t= 2.49e+04 R=   6e+03
Depth=     446 States= 1.43e+08 Transitions= 3.21e+08 Nodes= 1960252 Memory=   400.733	t= 2.5e+04 R=   6e+03
Depth=     446 States= 1.44e+08 Transitions= 3.23e+08 Nodes= 1954984 Memory=   401.534	t= 2.52e+04 R=   6e+03
Depth=     446 States= 1.45e+08 Transitions= 3.26e+08 Nodes= 1946063 Memory=   401.534	t= 2.54e+04 R=   6e+03
Depth=     446 States= 1.46e+08 Transitions= 3.28e+08 Nodes= 1942306 Memory=   401.534	t= 2.56e+04 R=   6e+03
Depth=     446 States= 1.47e+08 Transitions=  3.3e+08 Nodes= 1959446 Memory=   403.935	t= 2.58e+04 R=   6e+03
Depth=     446 States= 1.48e+08 Transitions= 3.33e+08 Nodes= 1969290 Memory=   403.935	t= 2.59e+04 R=   6e+03
Depth=     446 States= 1.49e+08 Transitions= 3.35e+08 Nodes= 1943774 Memory=   403.935	t= 2.61e+04 R=   6e+03
Depth=     446 States=  1.5e+08 Transitions= 3.37e+08 Nodes= 1889974 Memory=   403.935	t= 2.63e+04 R=   6e+03
Depth=     446 States= 1.51e+08 Transitions= 3.39e+08 Nodes= 1911415 Memory=   403.935	t= 2.65e+04 R=   6e+03
Depth=     446 States= 1.52e+08 Transitions= 3.42e+08 Nodes= 1911703 Memory=   403.935	t= 2.67e+04 R=   6e+03
Depth=     446 States= 1.53e+08 Transitions= 3.44e+08 Nodes= 1900357 Memory=   404.335	t= 2.68e+04 R=   6e+03
Depth=     446 States= 1.54e+08 Transitions= 3.47e+08 Nodes= 1914276 Memory=   404.735	t= 2.7e+04 R=   6e+03
Depth=     446 States= 1.55e+08 Transitions= 3.49e+08 Nodes= 1922220 Memory=   404.735	t= 2.72e+04 R=   6e+03
Depth=     446 States= 1.56e+08 Transitions= 3.51e+08 Nodes= 1995705 Memory=   413.538	t= 2.74e+04 R=   6e+03
Depth=     446 States= 1.57e+08 Transitions= 3.53e+08 Nodes= 2048125 Memory=   424.743	t= 2.75e+04 R=   6e+03
Depth=     446 States= 1.58e+08 Transitions= 3.56e+08 Nodes= 2095992 Memory=   432.746	t= 2.77e+04 R=   6e+03
Depth=     446 States= 1.59e+08 Transitions= 3.58e+08 Nodes= 2096322 Memory=   434.747	t= 2.79e+04 R=   6e+03
Depth=     446 States=  1.6e+08 Transitions=  3.6e+08 Nodes= 2089276 Memory=   434.747	t= 2.81e+04 R=   6e+03
Depth=     446 States= 1.61e+08 Transitions= 3.62e+08 Nodes= 2058869 Memory=   435.147	t= 2.82e+04 R=   6e+03
Depth=     446 States= 1.62e+08 Transitions= 3.64e+08 Nodes= 2071746 Memory=   436.348	t= 2.84e+04 R=   6e+03
Depth=     446 States= 1.63e+08 Transitions= 3.66e+08 Nodes= 2055151 Memory=   436.348	t= 2.86e+04 R=   6e+03
Depth=     446 States= 1.64e+08 Transitions= 3.69e+08 Nodes= 2072527 Memory=   437.548	t= 2.88e+04 R=   6e+03
Depth=     446 States= 1.65e+08 Transitions= 3.71e+08 Nodes= 2105045 Memory=   439.549	t= 2.9e+04 R=   6e+03
Depth=     446 States= 1.66e+08 Transitions= 3.74e+08 Nodes= 2110909 Memory=   439.949	t= 2.91e+04 R=   6e+03
Depth=     446 States= 1.67e+08 Transitions= 3.76e+08 Nodes= 2118634 Memory=   440.749	t= 2.93e+04 R=   6e+03
Depth=     446 States= 1.68e+08 Transitions= 3.78e+08 Nodes= 2105747 Memory=   440.749	t= 2.95e+04 R=   6e+03
Depth=     446 States= 1.69e+08 Transitions=  3.8e+08 Nodes= 2106486 Memory=   440.749	t= 2.97e+04 R=   6e+03
Depth=     446 States=  1.7e+08 Transitions= 3.82e+08 Nodes= 2102552 Memory=   440.749	t= 2.98e+04 R=   6e+03
Depth=     446 States= 1.71e+08 Transitions= 3.84e+08 Nodes= 2105691 Memory=   440.749	t=  3e+04 R=   6e+03
Depth=     446 States= 1.72e+08 Transitions= 3.87e+08 Nodes= 2095760 Memory=   440.749	t= 3.02e+04 R=   6e+03
Depth=     446 States= 1.73e+08 Transitions= 3.89e+08 Nodes= 2100215 Memory=   440.749	t= 3.04e+04 R=   6e+03
Depth=     446 States= 1.74e+08 Transitions= 3.92e+08 Nodes= 2112440 Memory=   440.749	t= 3.06e+04 R=   6e+03
Depth=     446 States= 1.75e+08 Transitions= 3.94e+08 Nodes= 2106792 Memory=   441.550	t= 3.08e+04 R=   6e+03
Depth=     446 States= 1.76e+08 Transitions= 3.96e+08 Nodes= 2069852 Memory=   441.550	t= 3.09e+04 R=   6e+03
Depth=     446 States= 1.77e+08 Transitions= 3.98e+08 Nodes= 2067239 Memory=   442.350	t= 3.11e+04 R=   6e+03
Depth=     446 States= 1.78e+08 Transitions= 4.01e+08 Nodes= 2095316 Memory=   443.150	t= 3.13e+04 R=   6e+03
Depth=     446 States= 1.79e+08 Transitions= 4.03e+08 Nodes= 2092048 Memory=   443.150	t= 3.15e+04 R=   6e+03
Depth=     446 States=  1.8e+08 Transitions= 4.05e+08 Nodes= 2092063 Memory=   443.150	t= 3.17e+04 R=   6e+03
Depth=     446 States= 1.81e+08 Transitions= 4.08e+08 Nodes= 2088146 Memory=   443.150	t= 3.18e+04 R=   6e+03
Depth=     446 States= 1.82e+08 Transitions=  4.1e+08 Nodes= 2150422 Memory=   446.752	t= 3.2e+04 R=   6e+03
Depth=     446 States= 1.83e+08 Transitions= 4.12e+08 Nodes= 2199587 Memory=   451.554	t= 3.22e+04 R=   6e+03
Depth=     446 States= 1.84e+08 Transitions= 4.15e+08 Nodes= 2176828 Memory=   451.554	t= 3.24e+04 R=   6e+03
Depth=     446 States= 1.85e+08 Transitions= 4.17e+08 Nodes= 2139474 Memory=   451.554	t= 3.26e+04 R=   6e+03
Depth=     446 States= 1.86e+08 Transitions= 4.19e+08 Nodes= 2243914 Memory=   460.758	t= 3.27e+04 R=   6e+03
Depth=     446 States= 1.87e+08 Transitions= 4.22e+08 Nodes= 2280887 Memory=   465.560	t= 3.29e+04 R=   6e+03
Depth=     446 States= 1.88e+08 Transitions= 4.24e+08 Nodes= 2284281 Memory=   467.560	t= 3.31e+04 R=   6e+03
Depth=     446 States= 1.89e+08 Transitions= 4.26e+08 Nodes= 2320245 Memory=   476.364	t= 3.33e+04 R=   6e+03
Depth=     446 States=  1.9e+08 Transitions= 4.28e+08 Nodes= 2331417 Memory=   482.366	t= 3.35e+04 R=   6e+03
Depth=     446 States= 1.91e+08 Transitions= 4.31e+08 Nodes= 2330555 Memory=   482.366	t= 3.36e+04 R=   6e+03
Depth=     446 States= 1.92e+08 Transitions= 4.33e+08 Nodes= 2312236 Memory=   482.366	t= 3.38e+04 R=   6e+03
Depth=     446 States= 1.93e+08 Transitions= 4.35e+08 Nodes= 2304188 Memory=   482.366	t= 3.4e+04 R=   6e+03
Depth=     446 States= 1.94e+08 Transitions= 4.37e+08 Nodes= 2278025 Memory=   482.366	t= 3.42e+04 R=   6e+03
Depth=     446 States= 1.95e+08 Transitions= 4.39e+08 Nodes= 2236997 Memory=   482.366	t= 3.43e+04 R=   6e+03
Depth=     446 States= 1.96e+08 Transitions= 4.41e+08 Nodes= 2250349 Memory=   482.766	t= 3.45e+04 R=   6e+03
Depth=     446 States= 1.97e+08 Transitions= 4.44e+08 Nodes= 2260001 Memory=   483.167	t= 3.47e+04 R=   6e+03
Depth=     446 States= 1.98e+08 Transitions= 4.46e+08 Nodes= 2250956 Memory=   483.167	t= 3.49e+04 R=   6e+03
Depth=     446 States= 1.99e+08 Transitions= 4.48e+08 Nodes= 2275548 Memory=   483.967	t= 3.51e+04 R=   6e+03
Depth=     446 States=    2e+08 Transitions=  4.5e+08 Nodes= 2223935 Memory=   483.967	t= 3.52e+04 R=   6e+03
Depth=     446 States= 2.01e+08 Transitions= 4.53e+08 Nodes= 2218689 Memory=   485.167	t= 3.54e+04 R=   6e+03
Depth=     446 States= 2.02e+08 Transitions= 4.55e+08 Nodes= 2246479 Memory=   486.368	t= 3.56e+04 R=   6e+03
Depth=     446 States= 2.03e+08 Transitions= 4.57e+08 Nodes= 2251543 Memory=   487.168	t= 3.58e+04 R=   6e+03
Depth=     446 States= 2.04e+08 Transitions=  4.6e+08 Nodes= 2269192 Memory=   488.369	t= 3.59e+04 R=   6e+03
Depth=     446 States= 2.05e+08 Transitions= 4.62e+08 Nodes= 2274828 Memory=   488.769	t= 3.61e+04 R=   6e+03
Depth=     446 States= 2.06e+08 Transitions= 4.64e+08 Nodes= 2280668 Memory=   488.769	t= 3.63e+04 R=   6e+03
Depth=     446 States= 2.07e+08 Transitions= 4.66e+08 Nodes= 2318866 Memory=   488.769	t= 3.65e+04 R=   6e+03
Depth=     446 States= 2.08e+08 Transitions= 4.69e+08 Nodes= 2349064 Memory=   488.769	t= 3.67e+04 R=   6e+03
Depth=     446 States= 2.09e+08 Transitions= 4.71e+08 Nodes= 2371648 Memory=   489.569	t= 3.68e+04 R=   6e+03
Depth=     446 States=  2.1e+08 Transitions= 4.73e+08 Nodes= 2346589 Memory=   489.969	t= 3.7e+04 R=   6e+03
Depth=     446 States= 2.11e+08 Transitions= 4.75e+08 Nodes= 2364174 Memory=   489.969	t= 3.72e+04 R=   6e+03
Depth=     446 States= 2.12e+08 Transitions= 4.78e+08 Nodes= 2345466 Memory=   490.370	t= 3.74e+04 R=   6e+03
Depth=     446 States= 2.13e+08 Transitions=  4.8e+08 Nodes= 2335362 Memory=   490.370	t= 3.76e+04 R=   6e+03
Depth=     446 States= 2.14e+08 Transitions= 4.82e+08 Nodes= 2353785 Memory=   490.370	t= 3.78e+04 R=   6e+03
Depth=     446 States= 2.15e+08 Transitions= 4.84e+08 Nodes= 2339615 Memory=   490.370	t= 3.79e+04 R=   6e+03
Depth=     446 States= 2.16e+08 Transitions= 4.87e+08 Nodes= 2368258 Memory=   490.370	t= 3.81e+04 R=   6e+03
Depth=     446 States= 2.17e+08 Transitions= 4.89e+08 Nodes= 2342081 Memory=   490.370	t= 3.83e+04 R=   6e+03
Depth=     446 States= 2.18e+08 Transitions= 4.91e+08 Nodes= 2340029 Memory=   490.370	t= 3.85e+04 R=   6e+03
Depth=     446 States= 2.19e+08 Transitions= 4.93e+08 Nodes= 2319427 Memory=   490.370	t= 3.87e+04 R=   6e+03
Depth=     446 States=  2.2e+08 Transitions= 4.96e+08 Nodes= 2301381 Memory=   490.370	t= 3.88e+04 R=   6e+03
Depth=     446 States= 2.21e+08 Transitions= 4.98e+08 Nodes= 2345047 Memory=   490.370	t= 3.9e+04 R=   6e+03
Depth=     446 States= 2.22e+08 Transitions=    5e+08 Nodes= 2360632 Memory=   491.570	t= 3.92e+04 R=   6e+03
Depth=     446 States= 2.23e+08 Transitions= 5.02e+08 Nodes= 2371951 Memory=   491.970	t= 3.94e+04 R=   6e+03
Depth=     446 States= 2.24e+08 Transitions= 5.05e+08 Nodes= 2359694 Memory=   493.171	t= 3.96e+04 R=   6e+03
Depth=     446 States= 2.25e+08 Transitions= 5.07e+08 Nodes= 2378551 Memory=   493.171	t= 3.98e+04 R=   6e+03
Depth=     446 States= 2.26e+08 Transitions= 5.09e+08 Nodes= 2360607 Memory=   494.371	t=  4e+04 R=   6e+03
Depth=     446 States= 2.27e+08 Transitions= 5.12e+08 Nodes= 2341181 Memory=   494.371	t= 4.01e+04 R=   6e+03
Depth=     446 States= 2.28e+08 Transitions= 5.14e+08 Nodes= 2335208 Memory=   494.371	t= 4.03e+04 R=   6e+03
Depth=     446 States= 2.29e+08 Transitions= 5.16e+08 Nodes= 2367765 Memory=   494.371	t= 4.05e+04 R=   6e+03
Depth=     446 States=  2.3e+08 Transitions= 5.18e+08 Nodes= 2353005 Memory=   494.371	t= 4.07e+04 R=   6e+03
Depth=     446 States= 2.31e+08 Transitions= 5.21e+08 Nodes= 2325759 Memory=   494.371	t= 4.09e+04 R=   6e+03
Depth=     446 States= 2.32e+08 Transitions= 5.23e+08 Nodes= 2329091 Memory=   494.371	t= 4.11e+04 R=   6e+03
Depth=     446 States= 2.33e+08 Transitions= 5.25e+08 Nodes= 2311989 Memory=   494.371	t= 4.13e+04 R=   6e+03
Depth=     446 States= 2.34e+08 Transitions= 5.28e+08 Nodes= 2300530 Memory=   494.771	t= 4.14e+04 R=   6e+03
Depth=     446 States= 2.35e+08 Transitions=  5.3e+08 Nodes= 2316139 Memory=   495.972	t= 4.16e+04 R=   6e+03
Depth=     446 States= 2.36e+08 Transitions= 5.32e+08 Nodes= 2324128 Memory=   496.372	t= 4.18e+04 R=   6e+03
Depth=     446 States= 2.37e+08 Transitions= 5.35e+08 Nodes= 2414663 Memory=   504.375	t= 4.2e+04 R=   6e+03
Depth=     446 States= 2.38e+08 Transitions= 5.37e+08 Nodes= 2482497 Memory=   517.180	t= 4.21e+04 R=   6e+03
Depth=     446 States= 2.39e+08 Transitions= 5.39e+08 Nodes= 2496411 Memory=   520.782	t= 4.23e+04 R=   6e+03
Depth=     446 States=  2.4e+08 Transitions= 5.41e+08 Nodes= 2489232 Memory=   520.782	t= 4.25e+04 R=   6e+03
Depth=     446 States= 2.41e+08 Transitions= 5.43e+08 Nodes= 2524691 Memory=   527.184	t= 4.27e+04 R=   6e+03
Depth=     446 States= 2.42e+08 Transitions= 5.45e+08 Nodes= 2564648 Memory=   535.188	t= 4.28e+04 R=   6e+03
Depth=     446 States= 2.43e+08 Transitions= 5.47e+08 Nodes= 2580847 Memory=   541.190	t= 4.3e+04 R=   6e+03
Depth=     446 States= 2.44e+08 Transitions=  5.5e+08 Nodes= 2599467 Memory=   544.792	t= 4.32e+04 R=   6e+03
Depth=     446 States= 2.45e+08 Transitions= 5.52e+08 Nodes= 2618676 Memory=   548.393	t= 4.33e+04 R=   6e+03
Depth=     446 States= 2.46e+08 Transitions= 5.54e+08 Nodes= 2651438 Memory=   555.196	t= 4.35e+04 R=   6e+03
Depth=     446 States= 2.47e+08 Transitions= 5.57e+08 Nodes= 2709284 Memory=   564.800	t= 4.37e+04 R=   6e+03
Depth=     446 States= 2.48e+08 Transitions= 5.59e+08 Nodes= 2717166 Memory=   566.000	t= 4.38e+04 R=   6e+03
Depth=     446 States= 2.49e+08 Transitions= 5.61e+08 Nodes= 2741140 Memory=   570.002	t= 4.4e+04 R=   6e+03
Depth=     446 States=  2.5e+08 Transitions= 5.64e+08 Nodes= 2766117 Memory=   574.804	t= 4.42e+04 R=   6e+03
Depth=     446 States= 2.51e+08 Transitions= 5.66e+08 Nodes= 2771042 Memory=   575.204	t= 4.44e+04 R=   6e+03
Depth=     446 States= 2.52e+08 Transitions= 5.68e+08 Nodes= 2798378 Memory=   578.005	t= 4.45e+04 R=   6e+03
Depth=     446 States= 2.53e+08 Transitions=  5.7e+08 Nodes= 2806349 Memory=   580.806	t= 4.47e+04 R=   6e+03
Depth=     446 States= 2.54e+08 Transitions= 5.72e+08 Nodes= 2805454 Memory=   581.206	t= 4.49e+04 R=   6e+03
Depth=     446 States= 2.55e+08 Transitions= 5.75e+08 Nodes= 2790466 Memory=   581.206	t= 4.5e+04 R=   6e+03
Depth=     446 States= 2.56e+08 Transitions= 5.77e+08 Nodes= 2789453 Memory=   581.206	t= 4.52e+04 R=   6e+03
Depth=     446 States= 2.57e+08 Transitions= 5.79e+08 Nodes= 2836667 Memory=   584.408	t= 4.54e+04 R=   6e+03
Depth=     446 States= 2.58e+08 Transitions= 5.81e+08 Nodes= 2886986 Memory=   593.211	t= 4.56e+04 R=   6e+03
Depth=     446 States= 2.59e+08 Transitions= 5.84e+08 Nodes= 2879947 Memory=   593.611	t= 4.57e+04 R=   6e+03
Depth=     446 States=  2.6e+08 Transitions= 5.86e+08 Nodes= 2909100 Memory=   600.414	t= 4.59e+04 R=   6e+03
Depth=     446 States= 2.61e+08 Transitions= 5.88e+08 Nodes= 2895839 Memory=   602.415	t= 4.61e+04 R=   6e+03
Depth=     446 States= 2.62e+08 Transitions=  5.9e+08 Nodes= 2925708 Memory=   605.616	t= 4.63e+04 R=   6e+03
Depth=     446 States= 2.63e+08 Transitions= 5.92e+08 Nodes= 2957171 Memory=   609.618	t= 4.64e+04 R=   6e+03
Depth=     446 States= 2.64e+08 Transitions= 5.94e+08 Nodes= 2959401 Memory=   610.818	t= 4.66e+04 R=   6e+03
Depth=     446 States= 2.65e+08 Transitions= 5.97e+08 Nodes= 2962164 Memory=   610.818	t= 4.68e+04 R=   6e+03
Depth=     446 States= 2.66e+08 Transitions= 5.99e+08 Nodes= 2953238 Memory=   611.218	t= 4.69e+04 R=   6e+03
Depth=     446 States= 2.67e+08 Transitions= 6.01e+08 Nodes= 3065541 Memory=   626.425	t= 4.71e+04 R=   6e+03
Depth=     446 States= 2.68e+08 Transitions= 6.04e+08 Nodes= 3060447 Memory=   628.826	t= 4.73e+04 R=   6e+03
Depth=     446 States= 2.69e+08 Transitions= 6.06e+08 Nodes= 3061135 Memory=   630.826	t= 4.75e+04 R=   6e+03
Depth=     446 States=  2.7e+08 Transitions= 6.08e+08 Nodes= 3113334 Memory=   635.228	t= 4.76e+04 R=   6e+03
Depth=     446 States= 2.71e+08 Transitions= 6.11e+08 Nodes= 3081668 Memory=   635.228	t= 4.78e+04 R=   6e+03
Depth=     446 States= 2.72e+08 Transitions= 6.13e+08 Nodes= 3064186 Memory=   635.228	t= 4.8e+04 R=   6e+03
Depth=     446 States= 2.73e+08 Transitions= 6.15e+08 Nodes= 3112549 Memory=   636.429	t= 4.82e+04 R=   6e+03
Depth=     446 States= 2.74e+08 Transitions= 6.17e+08 Nodes= 3096966 Memory=   637.229	t= 4.83e+04 R=   6e+03
Depth=     446 States= 2.75e+08 Transitions= 6.19e+08 Nodes= 3101174 Memory=   637.229	t= 4.85e+04 R=   6e+03
Depth=     446 States= 2.76e+08 Transitions= 6.21e+08 Nodes= 3091919 Memory=   637.229	t= 4.87e+04 R=   6e+03
Depth=     446 States= 2.77e+08 Transitions= 6.24e+08 Nodes= 3090020 Memory=   637.629	t= 4.89e+04 R=   6e+03
Depth=     446 States= 2.78e+08 Transitions= 6.26e+08 Nodes= 3120027 Memory=   638.830	t= 4.91e+04 R=   6e+03
Depth=     446 States= 2.79e+08 Transitions= 6.28e+08 Nodes= 3152014 Memory=   643.631	t= 4.92e+04 R=   6e+03
Depth=     446 States=  2.8e+08 Transitions= 6.31e+08 Nodes= 3159528 Memory=   646.032	t= 4.94e+04 R=   6e+03
Depth=     446 States= 2.81e+08 Transitions= 6.33e+08 Nodes= 3137031 Memory=   646.833	t= 4.96e+04 R=   6e+03
Depth=     446 States= 2.82e+08 Transitions= 6.35e+08 Nodes= 3174696 Memory=   646.833	t= 4.98e+04 R=   6e+03
Depth=     446 States= 2.83e+08 Transitions= 6.38e+08 Nodes= 3156396 Memory=   646.833	t=  5e+04 R=   6e+03
Depth=     446 States= 2.84e+08 Transitions=  6.4e+08 Nodes= 3143590 Memory=   646.833	t= 5.01e+04 R=   6e+03
Depth=     446 States= 2.85e+08 Transitions= 6.42e+08 Nodes= 3091889 Memory=   646.833	t= 5.03e+04 R=   6e+03
Depth=     446 States= 2.86e+08 Transitions= 6.45e+08 Nodes= 3107877 Memory=   647.233	t= 5.05e+04 R=   6e+03
Depth=     446 States= 2.87e+08 Transitions= 6.47e+08 Nodes= 3122466 Memory=   647.233	t= 5.07e+04 R=   6e+03
Depth=     446 States= 2.88e+08 Transitions= 6.49e+08 Nodes= 3155114 Memory=   648.033	t= 5.09e+04 R=   6e+03
Depth=     446 States= 2.89e+08 Transitions= 6.52e+08 Nodes= 3155891 Memory=   648.033	t= 5.1e+04 R=   6e+03
Depth=     446 States=  2.9e+08 Transitions= 6.54e+08 Nodes= 3208314 Memory=   652.035	t= 5.12e+04 R=   6e+03
Depth=     446 States= 2.91e+08 Transitions= 6.57e+08 Nodes= 3188711 Memory=   652.435	t= 5.14e+04 R=   6e+03
Depth=     446 States= 2.92e+08 Transitions= 6.59e+08 Nodes= 3208332 Memory=   653.636	t= 5.16e+04 R=   6e+03
Depth=     446 States= 2.93e+08 Transitions= 6.61e+08 Nodes= 3195290 Memory=   653.636	t= 5.17e+04 R=   6e+03
Depth=     446 States= 2.94e+08 Transitions= 6.63e+08 Nodes= 3192296 Memory=   653.636	t= 5.19e+04 R=   6e+03
Depth=     446 States= 2.95e+08 Transitions= 6.66e+08 Nodes= 3249855 Memory=   663.239	t= 5.21e+04 R=   6e+03
Depth=     446 States= 2.96e+08 Transitions= 6.68e+08 Nodes= 3311521 Memory=   674.444	t= 5.23e+04 R=   6e+03
Depth=     446 States= 2.97e+08 Transitions=  6.7e+08 Nodes= 3280649 Memory=   676.045	t= 5.24e+04 R=   6e+03
Depth=     446 States= 2.98e+08 Transitions= 6.72e+08 Nodes= 3294518 Memory=   676.845	t= 5.26e+04 R=   6e+03
Depth=     446 States= 2.99e+08 Transitions= 6.74e+08 Nodes= 3284648 Memory=   676.845	t= 5.28e+04 R=   6e+03
Depth=     446 States=    3e+08 Transitions= 6.77e+08 Nodes= 3338089 Memory=   680.046	t= 5.3e+04 R=   6e+03
Depth=     446 States= 3.01e+08 Transitions= 6.79e+08 Nodes= 3376531 Memory=   686.049	t= 5.31e+04 R=   6e+03
Depth=     446 States= 3.02e+08 Transitions= 6.81e+08 Nodes= 3425902 Memory=   693.252	t= 5.33e+04 R=   6e+03
Depth=     446 States= 3.03e+08 Transitions= 6.83e+08 Nodes= 3427571 Memory=   693.652	t= 5.35e+04 R=   6e+03
Depth=     446 States= 3.04e+08 Transitions= 6.85e+08 Nodes= 3420267 Memory=   693.652	t= 5.36e+04 R=   6e+03
Depth=     446 States= 3.05e+08 Transitions= 6.88e+08 Nodes= 3396296 Memory=   694.052	t= 5.38e+04 R=   6e+03
Depth=     446 States= 3.06e+08 Transitions=  6.9e+08 Nodes= 3369944 Memory=   694.052	t= 5.4e+04 R=   6e+03
Depth=     446 States= 3.07e+08 Transitions= 6.92e+08 Nodes= 3405175 Memory=   694.452	t= 5.42e+04 R=   6e+03
Depth=     446 States= 3.08e+08 Transitions= 6.94e+08 Nodes= 3462388 Memory=   701.655	t= 5.44e+04 R=   6e+03
Depth=     446 States= 3.09e+08 Transitions= 6.97e+08 Nodes= 3469360 Memory=   703.256	t= 5.45e+04 R=   6e+03
Depth=     446 States=  3.1e+08 Transitions= 6.99e+08 Nodes= 3443129 Memory=   703.256	t= 5.47e+04 R=   6e+03
Depth=     446 States= 3.11e+08 Transitions= 7.01e+08 Nodes= 3457774 Memory=   703.656	t= 5.49e+04 R=   6e+03
Depth=     446 States= 3.12e+08 Transitions= 7.03e+08 Nodes= 3441396 Memory=   703.656	t= 5.51e+04 R=   6e+03
Depth=     446 States= 3.13e+08 Transitions= 7.05e+08 Nodes= 3450524 Memory=   703.656	t= 5.53e+04 R=   6e+03
Depth=     446 States= 3.14e+08 Transitions= 7.08e+08 Nodes= 3441968 Memory=   704.056	t= 5.54e+04 R=   6e+03
Depth=     446 States= 3.15e+08 Transitions=  7.1e+08 Nodes= 3496658 Memory=   707.257	t= 5.56e+04 R=   6e+03
Depth=     446 States= 3.16e+08 Transitions= 7.12e+08 Nodes= 3488044 Memory=   709.258	t= 5.58e+04 R=   6e+03
Depth=     446 States= 3.17e+08 Transitions= 7.14e+08 Nodes= 3467526 Memory=   709.258	t= 5.6e+04 R=   6e+03
Depth=     446 States= 3.18e+08 Transitions= 7.17e+08 Nodes= 3465967 Memory=   709.658	t= 5.61e+04 R=   6e+03
Depth=     446 States= 3.19e+08 Transitions= 7.19e+08 Nodes= 3465302 Memory=   710.058	t= 5.63e+04 R=   6e+03
Depth=     446 States=  3.2e+08 Transitions= 7.21e+08 Nodes= 3499507 Memory=   710.458	t= 5.65e+04 R=   6e+03
Depth=     446 States= 3.21e+08 Transitions= 7.23e+08 Nodes= 3506537 Memory=   711.259	t= 5.67e+04 R=   6e+03
Depth=     446 States= 3.22e+08 Transitions= 7.26e+08 Nodes= 3528747 Memory=   713.260	t= 5.69e+04 R=   6e+03
Depth=     446 States= 3.23e+08 Transitions= 7.28e+08 Nodes= 3555137 Memory=   717.661	t= 5.7e+04 R=   6e+03
Depth=     446 States= 3.24e+08 Transitions=  7.3e+08 Nodes= 3515886 Memory=   718.462	t= 5.72e+04 R=   6e+03
Depth=     446 States= 3.25e+08 Transitions= 7.32e+08 Nodes= 3516745 Memory=   718.462	t= 5.74e+04 R=   6e+03
Depth=     446 States= 3.26e+08 Transitions= 7.35e+08 Nodes= 3510607 Memory=   719.262	t= 5.76e+04 R=   6e+03
Depth=     446 States= 3.27e+08 Transitions= 7.37e+08 Nodes= 3526616 Memory=   719.662	t= 5.77e+04 R=   6e+03
Depth=     446 States= 3.28e+08 Transitions=  7.4e+08 Nodes= 3521191 Memory=   720.062	t= 5.79e+04 R=   6e+03
Depth=     446 States= 3.29e+08 Transitions= 7.42e+08 Nodes= 3562892 Memory=   721.263	t= 5.81e+04 R=   6e+03
Depth=     446 States=  3.3e+08 Transitions= 7.45e+08 Nodes= 3548200 Memory=   721.663	t= 5.83e+04 R=   6e+03
Depth=     446 States= 3.31e+08 Transitions= 7.47e+08 Nodes= 3553319 Memory=   722.463	t= 5.84e+04 R=   6e+03
Depth=     446 States= 3.32e+08 Transitions= 7.49e+08 Nodes= 3557866 Memory=   722.864	t= 5.86e+04 R=   6e+03
Depth=     446 States= 3.33e+08 Transitions= 7.51e+08 Nodes= 3562044 Memory=   722.864	t= 5.88e+04 R=   6e+03
Depth=     446 States= 3.34e+08 Transitions= 7.54e+08 Nodes= 3577986 Memory=   724.864	t= 5.9e+04 R=   6e+03
Depth=     446 States= 3.35e+08 Transitions= 7.56e+08 Nodes= 3591905 Memory=   726.065	t= 5.92e+04 R=   6e+03
Depth=     446 States= 3.36e+08 Transitions= 7.58e+08 Nodes= 3610261 Memory=   728.066	t= 5.93e+04 R=   6e+03
Depth=     446 States= 3.37e+08 Transitions=  7.6e+08 Nodes= 3613415 Memory=   728.866	t= 5.95e+04 R=   6e+03
Depth=     446 States= 3.38e+08 Transitions= 7.62e+08 Nodes= 3629401 Memory=   730.467	t= 5.97e+04 R=   6e+03
Depth=     446 States= 3.39e+08 Transitions= 7.65e+08 Nodes= 3634562 Memory=   734.068	t= 5.99e+04 R=   6e+03
Depth=     446 States=  3.4e+08 Transitions= 7.67e+08 Nodes= 3664898 Memory=   735.269	t=  6e+04 R=   6e+03
Depth=     446 States= 3.41e+08 Transitions= 7.69e+08 Nodes= 3644245 Memory=   735.669	t= 6.02e+04 R=   6e+03
Depth=     446 States= 3.42e+08 Transitions= 7.72e+08 Nodes= 3645183 Memory=   735.669	t= 6.04e+04 R=   6e+03
Depth=     446 States= 3.43e+08 Transitions= 7.74e+08 Nodes= 3621002 Memory=   735.669	t= 6.06e+04 R=   6e+03
Depth=     446 States= 3.44e+08 Transitions= 7.76e+08 Nodes= 3666174 Memory=   735.669	t= 6.07e+04 R=   6e+03
Depth=     446 States= 3.45e+08 Transitions= 7.78e+08 Nodes= 3646945 Memory=   736.069	t= 6.09e+04 R=   6e+03
Depth=     446 States= 3.46e+08 Transitions= 7.81e+08 Nodes= 3633165 Memory=   736.069	t= 6.11e+04 R=   6e+03
Depth=     446 States= 3.47e+08 Transitions= 7.83e+08 Nodes= 3621326 Memory=   736.069	t= 6.13e+04 R=   6e+03
Depth=     446 States= 3.48e+08 Transitions= 7.85e+08 Nodes= 3610837 Memory=   736.069	t= 6.15e+04 R=   6e+03
Depth=     446 States= 3.49e+08 Transitions= 7.87e+08 Nodes= 3590766 Memory=   736.069	t= 6.16e+04 R=   6e+03
Depth=     446 States=  3.5e+08 Transitions= 7.89e+08 Nodes= 3601675 Memory=   736.069	t= 6.18e+04 R=   6e+03
Depth=     446 States= 3.51e+08 Transitions= 7.92e+08 Nodes= 3582530 Memory=   736.069	t= 6.2e+04 R=   6e+03
Depth=     446 States= 3.52e+08 Transitions= 7.94e+08 Nodes= 3576720 Memory=   736.069	t= 6.22e+04 R=   6e+03
Depth=     446 States= 3.53e+08 Transitions= 7.97e+08 Nodes= 3599751 Memory=   736.069	t= 6.24e+04 R=   6e+03
Depth=     446 States= 3.54e+08 Transitions= 7.99e+08 Nodes= 3607272 Memory=   736.469	t= 6.25e+04 R=   6e+03
Depth=     446 States= 3.55e+08 Transitions= 8.01e+08 Nodes= 3633571 Memory=   739.670	t= 6.27e+04 R=   6e+03
Depth=     446 States= 3.56e+08 Transitions= 8.03e+08 Nodes= 3722212 Memory=   752.075	t= 6.29e+04 R=   6e+03
Depth=     446 States= 3.57e+08 Transitions= 8.06e+08 Nodes= 3765062 Memory=   758.878	t= 6.31e+04 R=   6e+03
Depth=     446 States= 3.58e+08 Transitions= 8.08e+08 Nodes= 3750961 Memory=   759.678	t= 6.32e+04 R=   6e+03
Depth=     446 States= 3.59e+08 Transitions=  8.1e+08 Nodes= 3777315 Memory=   762.079	t= 6.34e+04 R=   6e+03
Depth=     446 States=  3.6e+08 Transitions= 8.12e+08 Nodes= 3815640 Memory=   771.283	t= 6.36e+04 R=   6e+03
Depth=     446 States= 3.61e+08 Transitions= 8.14e+08 Nodes= 3837145 Memory=   779.686	t= 6.37e+04 R=   6e+03
Depth=     446 States= 3.62e+08 Transitions= 8.16e+08 Nodes= 3864204 Memory=   784.889	t= 6.39e+04 R=   6e+03
Depth=     446 States= 3.63e+08 Transitions= 8.18e+08 Nodes= 3881596 Memory=   788.890	t= 6.41e+04 R=   6e+03
Depth=     446 States= 3.64e+08 Transitions= 8.21e+08 Nodes= 3936179 Memory=   798.094	t= 6.42e+04 R=   6e+03
Depth=     446 States= 3.65e+08 Transitions= 8.23e+08 Nodes= 3973900 Memory=   805.697	t= 6.44e+04 R=   6e+03
Depth=     446 States= 3.66e+08 Transitions= 8.25e+08 Nodes= 3996998 Memory=   810.499	t= 6.46e+04 R=   6e+03
Depth=     446 States= 3.67e+08 Transitions= 8.28e+08 Nodes= 4012762 Memory=   811.299	t= 6.47e+04 R=   6e+03
Depth=     446 States= 3.68e+08 Transitions=  8.3e+08 Nodes= 4019691 Memory=   812.900	t= 6.49e+04 R=   6e+03
Depth=     446 States= 3.69e+08 Transitions= 8.32e+08 Nodes= 4005748 Memory=   812.900	t= 6.51e+04 R=   6e+03
Depth=     446 States=  3.7e+08 Transitions= 8.34e+08 Nodes= 4056683 Memory=   818.902	t= 6.53e+04 R=   6e+03
Depth=     446 States= 3.71e+08 Transitions= 8.37e+08 Nodes= 4061237 Memory=   820.503	t= 6.54e+04 R=   6e+03
Depth=     446 States= 3.72e+08 Transitions= 8.39e+08 Nodes= 4064996 Memory=   820.903	t= 6.56e+04 R=   6e+03
Depth=     446 States= 3.73e+08 Transitions= 8.41e+08 Nodes= 4077487 Memory=   822.104	t= 6.58e+04 R=   6e+03
Depth=     446 States= 3.74e+08 Transitions= 8.43e+08 Nodes= 4098133 Memory=   826.906	t= 6.59e+04 R=   6e+03
Depth=     446 States= 3.75e+08 Transitions= 8.45e+08 Nodes= 4100096 Memory=   826.906	t= 6.61e+04 R=   6e+03
Depth=     446 States= 3.76e+08 Transitions= 8.48e+08 Nodes= 4085982 Memory=   826.906	t= 6.63e+04 R=   6e+03
Depth=     446 States= 3.77e+08 Transitions=  8.5e+08 Nodes= 4095400 Memory=   826.906	t= 6.65e+04 R=   6e+03
Depth=     446 States= 3.78e+08 Transitions= 8.52e+08 Nodes= 4089114 Memory=   826.906	t= 6.67e+04 R=   6e+03
Depth=     446 States= 3.79e+08 Transitions= 8.55e+08 Nodes= 4141402 Memory=   831.307	t= 6.68e+04 R=   6e+03
Depth=     446 States=  3.8e+08 Transitions= 8.57e+08 Nodes= 4150923 Memory=   832.908	t= 6.7e+04 R=   6e+03
Depth=     446 States= 3.81e+08 Transitions= 8.59e+08 Nodes= 4149580 Memory=   833.708	t= 6.72e+04 R=   6e+03
Depth=     446 States= 3.82e+08 Transitions= 8.61e+08 Nodes= 4179944 Memory=   841.311	t= 6.73e+04 R=   6e+03
Depth=     446 States= 3.83e+08 Transitions= 8.63e+08 Nodes= 4221405 Memory=   849.315	t= 6.75e+04 R=   6e+03
Depth=     446 States= 3.84e+08 Transitions= 8.65e+08 Nodes= 4202848 Memory=   851.716	t= 6.77e+04 R=   6e+03
Depth=     446 States= 3.85e+08 Transitions= 8.68e+08 Nodes= 4236646 Memory=   854.117	t= 6.79e+04 R=   6e+03
Depth=     446 States= 3.86e+08 Transitions=  8.7e+08 Nodes= 4245013 Memory=   854.517	t= 6.8e+04 R=   6e+03
Depth=     446 States= 3.87e+08 Transitions= 8.72e+08 Nodes= 4263044 Memory=   856.518	t= 6.82e+04 R=   6e+03
Depth=     446 States= 3.88e+08 Transitions= 8.74e+08 Nodes= 4265967 Memory=   856.918	t= 6.84e+04 R=   6e+03
Depth=     446 States= 3.89e+08 Transitions= 8.76e+08 Nodes= 4264758 Memory=   857.318	t= 6.86e+04 R=   6e+03
Depth=     446 States=  3.9e+08 Transitions= 8.79e+08 Nodes= 4287266 Memory=   860.519	t= 6.87e+04 R=   6e+03
Depth=     446 States= 3.91e+08 Transitions= 8.81e+08 Nodes= 4308551 Memory=   865.321	t= 6.89e+04 R=   6e+03
Depth=     446 States= 3.92e+08 Transitions= 8.84e+08 Nodes= 4397186 Memory=   876.926	t= 6.91e+04 R=   6e+03
Depth=     446 States= 3.93e+08 Transitions= 8.86e+08 Nodes= 4420694 Memory=   880.127	t= 6.93e+04 R=   6e+03
Depth=     446 States= 3.94e+08 Transitions= 8.88e+08 Nodes= 4387652 Memory=   880.527	t= 6.95e+04 R=   6e+03
Depth=     446 States= 3.95e+08 Transitions= 8.91e+08 Nodes= 4396852 Memory=   880.527	t= 6.96e+04 R=   6e+03
Depth=     446 States= 3.96e+08 Transitions= 8.93e+08 Nodes= 4410957 Memory=   883.328	t= 6.98e+04 R=   6e+03
Depth=     446 States= 3.97e+08 Transitions= 8.96e+08 Nodes= 4403930 Memory=   883.328	t=  7e+04 R=   6e+03
Depth=     446 States= 3.98e+08 Transitions= 8.98e+08 Nodes= 4387086 Memory=   883.328	t= 7.02e+04 R=   6e+03
Depth=     446 States= 3.99e+08 Transitions=    9e+08 Nodes= 4364415 Memory=   883.328	t= 7.04e+04 R=   6e+03
Depth=     446 States=    4e+08 Transitions= 9.02e+08 Nodes= 4423050 Memory=   883.729	t= 7.05e+04 R=   6e+03
Depth=     446 States= 4.01e+08 Transitions= 9.04e+08 Nodes= 4422117 Memory=   883.729	t= 7.07e+04 R=   6e+03
Depth=     446 States= 4.02e+08 Transitions= 9.06e+08 Nodes= 4404383 Memory=   883.729	t= 7.09e+04 R=   6e+03
Depth=     446 States= 4.03e+08 Transitions= 9.09e+08 Nodes= 4386536 Memory=   883.729	t= 7.11e+04 R=   6e+03
Depth=     446 States= 4.04e+08 Transitions= 9.11e+08 Nodes= 4377446 Memory=   883.729	t= 7.13e+04 R=   6e+03
Depth=     446 States= 4.05e+08 Transitions= 9.13e+08 Nodes= 4392651 Memory=   883.729	t= 7.14e+04 R=   6e+03
Depth=     446 States= 4.06e+08 Transitions= 9.16e+08 Nodes= 4408654 Memory=   884.929	t= 7.16e+04 R=   6e+03
Depth=     446 States= 4.07e+08 Transitions= 9.18e+08 Nodes= 4434433 Memory=   887.730	t= 7.18e+04 R=   6e+03
Depth=     446 States= 4.08e+08 Transitions=  9.2e+08 Nodes= 4455280 Memory=   889.731	t= 7.2e+04 R=   6e+03
Depth=     446 States= 4.09e+08 Transitions= 9.23e+08 Nodes= 4450896 Memory=   890.531	t= 7.22e+04 R=   6e+03
Depth=     446 States=  4.1e+08 Transitions= 9.25e+08 Nodes= 4430876 Memory=   890.531	t= 7.24e+04 R=   6e+03
Depth=     446 States= 4.11e+08 Transitions= 9.27e+08 Nodes= 4457914 Memory=   890.531	t= 7.25e+04 R=   6e+03
Depth=     446 States= 4.12e+08 Transitions=  9.3e+08 Nodes= 4443736 Memory=   890.931	t= 7.27e+04 R=   6e+03
Depth=     446 States= 4.13e+08 Transitions= 9.32e+08 Nodes= 4434817 Memory=   890.931	t= 7.29e+04 R=   6e+03
Depth=     446 States= 4.14e+08 Transitions= 9.34e+08 Nodes= 4376559 Memory=   890.931	t= 7.31e+04 R=   6e+03
Depth=     446 States= 4.15e+08 Transitions= 9.37e+08 Nodes= 4386131 Memory=   890.931	t= 7.33e+04 R=   6e+03
Depth=     446 States= 4.16e+08 Transitions= 9.39e+08 Nodes= 4410898 Memory=   891.332	t= 7.35e+04 R=   6e+03
Depth=     446 States= 4.17e+08 Transitions= 9.41e+08 Nodes= 4468076 Memory=   892.532	t= 7.36e+04 R=   6e+03
Depth=     446 States= 4.18e+08 Transitions= 9.44e+08 Nodes= 4525687 Memory=   898.535	t= 7.38e+04 R=   6e+03
Depth=     446 States= 4.19e+08 Transitions= 9.46e+08 Nodes= 4558756 Memory=   905.337	t= 7.4e+04 R=   6e+03
Depth=     446 States=  4.2e+08 Transitions= 9.48e+08 Nodes= 4580153 Memory=   910.139	t= 7.42e+04 R=   6e+03
Depth=     446 States= 4.21e+08 Transitions= 9.51e+08 Nodes= 4591270 Memory=   910.139	t= 7.44e+04 R=   6e+03
Depth=     446 States= 4.22e+08 Transitions= 9.53e+08 Nodes= 4574429 Memory=   910.539	t= 7.45e+04 R=   6e+03
Depth=     446 States= 4.23e+08 Transitions= 9.55e+08 Nodes= 4601576 Memory=   910.940	t= 7.47e+04 R=   6e+03
Depth=     446 States= 4.24e+08 Transitions= 9.58e+08 Nodes= 4563867 Memory=   910.940	t= 7.49e+04 R=   6e+03
Depth=     446 States= 4.25e+08 Transitions=  9.6e+08 Nodes= 4582085 Memory=   912.540	t= 7.51e+04 R=   6e+03
Depth=     446 States= 4.26e+08 Transitions= 9.62e+08 Nodes= 4629078 Memory=   915.741	t= 7.52e+04 R=   6e+03
Depth=     446 States= 4.27e+08 Transitions= 9.65e+08 Nodes= 4645880 Memory=   917.742	t= 7.54e+04 R=   6e+03
Depth=     446 States= 4.28e+08 Transitions= 9.67e+08 Nodes= 4674304 Memory=   922.544	t= 7.56e+04 R=   6e+03
Depth=     446 States= 4.29e+08 Transitions= 9.69e+08 Nodes= 4675989 Memory=   922.544	t= 7.58e+04 R=   6e+03
Depth=     446 States=  4.3e+08 Transitions= 9.71e+08 Nodes= 4687671 Memory=   923.745	t= 7.6e+04 R=   6e+03
Depth=     446 States= 4.31e+08 Transitions= 9.74e+08 Nodes= 4722206 Memory=   932.948	t= 7.61e+04 R=   6e+03
Depth=     446 States= 4.32e+08 Transitions= 9.76e+08 Nodes= 4734522 Memory=   933.349	t= 7.63e+04 R=   6e+03
Depth=     446 States= 4.33e+08 Transitions= 9.79e+08 Nodes= 4753773 Memory=   934.149	t= 7.65e+04 R=   6e+03
Depth=     446 States= 4.34e+08 Transitions= 9.81e+08 Nodes= 4704516 Memory=   934.149	t= 7.67e+04 R=   6e+03
Depth=     446 States= 4.35e+08 Transitions= 9.83e+08 Nodes= 4730522 Memory=   934.149	t= 7.68e+04 R=   6e+03
Depth=     446 States= 4.36e+08 Transitions= 9.86e+08 Nodes= 4731033 Memory=   934.549	t= 7.7e+04 R=   6e+03
Depth=     446 States= 4.37e+08 Transitions= 9.88e+08 Nodes= 4726440 Memory=   936.950	t= 7.72e+04 R=   6e+03
Depth=     446 States= 4.38e+08 Transitions=  9.9e+08 Nodes= 4829638 Memory=   954.157	t= 7.74e+04 R=   6e+03
Depth=     446 States= 4.39e+08 Transitions= 9.92e+08 Nodes= 4813007 Memory=   956.958	t= 7.76e+04 R=   6e+03
Depth=     446 States=  4.4e+08 Transitions= 9.94e+08 Nodes= 4837569 Memory=   957.758	t= 7.77e+04 R=   6e+03
Depth=     446 States= 4.41e+08 Transitions= 9.97e+08 Nodes= 4849893 Memory=   958.559	t= 7.79e+04 R=   6e+03
Depth=     446 States= 4.42e+08 Transitions= 9.99e+08 Nodes= 4859486 Memory=   959.759	t= 7.81e+04 R=   6e+03
Depth=     446 States= 4.43e+08 Transitions=    1e+09 Nodes= 4898754 Memory=   965.362	t= 7.83e+04 R=   6e+03
Depth=     446 States= 4.44e+08 Transitions=    1e+09 Nodes= 4904194 Memory=   967.362	t= 7.84e+04 R=   6e+03
Depth=     446 States= 4.45e+08 Transitions= 1.01e+09 Nodes= 4961851 Memory=   974.565	t= 7.86e+04 R=   6e+03
Depth=     446 States= 4.46e+08 Transitions= 1.01e+09 Nodes= 4953308 Memory=   976.166	t= 7.88e+04 R=   6e+03
Depth=     446 States= 4.47e+08 Transitions= 1.01e+09 Nodes= 4956433 Memory=   976.566	t= 7.89e+04 R=   6e+03
Depth=     446 States= 4.48e+08 Transitions= 1.01e+09 Nodes= 4960262 Memory=   976.566	t= 7.91e+04 R=   6e+03
Depth=     446 States= 4.49e+08 Transitions= 1.01e+09 Nodes= 4935926 Memory=   976.566	t= 7.93e+04 R=   6e+03
Depth=     446 States=  4.5e+08 Transitions= 1.02e+09 Nodes= 4907246 Memory=   976.566	t= 7.95e+04 R=   6e+03
Depth=     446 States= 4.51e+08 Transitions= 1.02e+09 Nodes= 4921418 Memory=   976.966	t= 7.97e+04 R=   6e+03
Depth=     446 States= 4.52e+08 Transitions= 1.02e+09 Nodes= 4938827 Memory=   976.966	t= 7.98e+04 R=   6e+03
Depth=     446 States= 4.53e+08 Transitions= 1.02e+09 Nodes= 4958421 Memory=   976.966	t=  8e+04 R=   6e+03
Depth=     446 States= 4.54e+08 Transitions= 1.03e+09 Nodes= 4988376 Memory=   982.969	t= 8.02e+04 R=   6e+03
Depth=     446 States= 4.55e+08 Transitions= 1.03e+09 Nodes= 4973480 Memory=   984.569	t= 8.04e+04 R=   6e+03
Depth=     446 States= 4.56e+08 Transitions= 1.03e+09 Nodes= 4981183 Memory=   985.370	t= 8.06e+04 R=   6e+03
Depth=     446 States= 4.57e+08 Transitions= 1.03e+09 Nodes= 4996855 Memory=   985.370	t= 8.07e+04 R=   6e+03
Depth=     446 States= 4.58e+08 Transitions= 1.03e+09 Nodes= 4989086 Memory=   985.770	t= 8.09e+04 R=   6e+03
Depth=     446 States= 4.59e+08 Transitions= 1.04e+09 Nodes= 4987972 Memory=   986.170	t= 8.11e+04 R=   6e+03
Depth=     446 States=  4.6e+08 Transitions= 1.04e+09 Nodes= 5027539 Memory=   988.571	t= 8.13e+04 R=   6e+03
Depth=     446 States= 4.61e+08 Transitions= 1.04e+09 Nodes= 5014639 Memory=   993.373	t= 8.15e+04 R=   6e+03
Depth=     446 States= 4.62e+08 Transitions= 1.04e+09 Nodes= 5011529 Memory=   993.773	t= 8.16e+04 R=   6e+03
Depth=     446 States= 4.63e+08 Transitions= 1.05e+09 Nodes= 5027109 Memory=   994.573	t= 8.18e+04 R=   6e+03
Depth=     446 States= 4.64e+08 Transitions= 1.05e+09 Nodes= 5021028 Memory=   994.573	t= 8.2e+04 R=   6e+03
Depth=     446 States= 4.65e+08 Transitions= 1.05e+09 Nodes= 5040335 Memory=   995.374	t= 8.22e+04 R=   6e+03
Depth=     446 States= 4.66e+08 Transitions= 1.05e+09 Nodes= 5023367 Memory=   995.374	t= 8.24e+04 R=   6e+03
Depth=     446 States= 4.67e+08 Transitions= 1.05e+09 Nodes= 5017095 Memory=   995.774	t= 8.25e+04 R=   6e+03
Depth=     446 States= 4.68e+08 Transitions= 1.06e+09 Nodes= 5050714 Memory=   995.774	t= 8.27e+04 R=   6e+03
Depth=     446 States= 4.69e+08 Transitions= 1.06e+09 Nodes= 5002327 Memory=   996.174	t= 8.29e+04 R=   6e+03
Depth=     446 States=  4.7e+08 Transitions= 1.06e+09 Nodes= 5030013 Memory=   996.174	t= 8.31e+04 R=   6e+03
Depth=     446 States= 4.71e+08 Transitions= 1.06e+09 Nodes= 5050643 Memory=   996.174	t= 8.33e+04 R=   6e+03
Depth=     446 States= 4.72e+08 Transitions= 1.07e+09 Nodes= 5020465 Memory=   996.174	t= 8.35e+04 R=   6e+03
Depth=     446 States= 4.73e+08 Transitions= 1.07e+09 Nodes= 4992108 Memory=   996.174	t= 8.36e+04 R=   6e+03
Depth=     446 States= 4.74e+08 Transitions= 1.07e+09 Nodes= 4952419 Memory=   996.174	t= 8.38e+04 R=   6e+03
Depth=     446 States= 4.75e+08 Transitions= 1.07e+09 Nodes= 4960396 Memory=   996.174	t= 8.4e+04 R=   6e+03
Depth=     446 States= 4.76e+08 Transitions= 1.08e+09 Nodes= 4985910 Memory=   996.574	t= 8.42e+04 R=   6e+03
Depth=     446 States= 4.77e+08 Transitions= 1.08e+09 Nodes= 5009191 Memory=   996.974	t= 8.44e+04 R=   6e+03
Depth=     446 States= 4.78e+08 Transitions= 1.08e+09 Nodes= 4989242 Memory=   996.974	t= 8.46e+04 R=   6e+03
Depth=     446 States= 4.79e+08 Transitions= 1.08e+09 Nodes= 4994762 Memory=   996.974	t= 8.48e+04 R=   6e+03
Depth=     446 States=  4.8e+08 Transitions= 1.08e+09 Nodes= 5029428 Memory=   997.775	t= 8.49e+04 R=   6e+03
Depth=     446 States= 4.81e+08 Transitions= 1.09e+09 Nodes= 5090968 Memory=  1002.176	t= 8.51e+04 R=   6e+03
Depth=     446 States= 4.82e+08 Transitions= 1.09e+09 Nodes= 5069742 Memory=  1002.176	t= 8.53e+04 R=   6e+03
Depth=     446 States= 4.83e+08 Transitions= 1.09e+09 Nodes= 5011056 Memory=  1002.176	t= 8.55e+04 R=   6e+03
Depth=     446 States= 4.84e+08 Transitions= 1.09e+09 Nodes= 5021817 Memory=  1002.977	t= 8.57e+04 R=   6e+03
Depth=     446 States= 4.85e+08 Transitions=  1.1e+09 Nodes= 5021381 Memory=  1003.377	t= 8.59e+04 R=   6e+03
Depth=     446 States= 4.86e+08 Transitions=  1.1e+09 Nodes= 5080202 Memory=  1004.978	t= 8.61e+04 R=   6e+03
Depth=     446 States= 4.87e+08 Transitions=  1.1e+09 Nodes= 5081337 Memory=  1005.778	t= 8.62e+04 R=   6e+03
Depth=     446 States= 4.88e+08 Transitions=  1.1e+09 Nodes= 5072769 Memory=  1006.978	t= 8.64e+04 R=   6e+03
Depth=     446 States= 4.89e+08 Transitions= 1.11e+09 Nodes= 5117626 Memory=  1010.980	t= 8.66e+04 R=   6e+03
Depth=     446 States=  4.9e+08 Transitions= 1.11e+09 Nodes= 5136648 Memory=  1014.982	t= 8.68e+04 R=   6e+03
Depth=     446 States= 4.91e+08 Transitions= 1.11e+09 Nodes= 5123756 Memory=  1017.783	t= 8.69e+04 R=   6e+03
Depth=     446 States= 4.92e+08 Transitions= 1.11e+09 Nodes= 5126825 Memory=  1018.583	t= 8.71e+04 R=   6e+03
Depth=     446 States= 4.93e+08 Transitions= 1.12e+09 Nodes= 5127248 Memory=  1019.784	t= 8.73e+04 R=   6e+03

(Spin Version 6.0.1 -- 16 December 2010)
	+ Partial Order Reduction
	+ Compression
	+ Graph Encoding (-DMA=1112)

Full statespace search for:
	never claim         	- (none specified)
	assertion violations	+
	cycle checks       	- (disabled by -DSAFETY)
	invalid end states	+

State-vector 1112 byte, depth reached 446, errors: 0
MA stats: -DMA=27 is sufficient
Minimized Automaton:	5117627 nodes and 2.35519e+07 edges
4.9315092e+08 states, stored
6.2257825e+08 states, matched
1.1157292e+09 transitions (= stored+matched)
        0 atomic steps

Stats on memory usage (in Megabytes):
536148.119	equivalent memory usage for states (stored*(State-vector + overhead))
 1016.234	actual memory usage for states (compression: 0.19%)
    4.000	memory used for hash table (-w19)
    0.382	memory used for DFS stack (-m10000)
 1019.784	total actual memory usage

nr of templates: [ globals chans procs ]
collapse counts: [ 1309466 94 2790 19 18 6 ]
unreached in proctype lockP
	code/distributed.p:119, state 23, "assert(0)"
	code/distributed.p:127, state 34, "assert((cmd==9))"
	(2 of 45 states)
unreached in proctype channel_home
	(0 of 189 states)
unreached in proctype PR
	(0 of 35 states)
unreached in proctype PW
	(0 of 34 states)
unreached in init
	(0 of 10 states)

pan: elapsed time 8.74e+04 seconds
pan: rate 5645.5085 states/second
