Depth=     376 States=    1e+06 Transitions= 2.35e+06 Memory=    54.878	t=   7.02 R=   1e+05
Depth=     376 States=    2e+06 Transitions= 4.49e+06 Memory=   104.498	t=   14.2 R=   1e+05
pan: resizing hashtable to -w21..  done
Depth=     376 States=    3e+06 Transitions= 6.77e+06 Memory=   166.117	t=   21.5 R=   1e+05
Depth=     376 States=    4e+06 Transitions= 8.93e+06 Memory=   212.135	t=   28.3 R=   1e+05
Depth=     376 States=    5e+06 Transitions= 1.11e+07 Memory=   258.554	t=   35.4 R=   1e+05
pan: resizing hashtable to -w23..  done
Depth=     376 States=    6e+06 Transitions= 1.33e+07 Memory=   369.373	t=     43 R=   1e+05
Depth=     376 States=    7e+06 Transitions= 1.56e+07 Memory=   415.392	t=   49.9 R=   1e+05
Depth=     405 States=    8e+06 Transitions= 1.78e+07 Memory=   461.410	t=   56.8 R=   1e+05
Depth=     405 States=    9e+06 Transitions=    2e+07 Memory=   510.230	t=   63.5 R=   1e+05
Depth=     405 States=    1e+07 Transitions= 2.22e+07 Memory=   557.049	t=   70.5 R=   1e+05
Depth=     405 States=  1.1e+07 Transitions= 2.44e+07 Memory=   604.668	t=   77.2 R=   1e+05
Depth=     405 States=  1.2e+07 Transitions= 2.66e+07 Memory=   650.287	t=   84.1 R=   1e+05
Depth=     405 States=  1.3e+07 Transitions= 2.87e+07 Memory=   695.905	t=   90.7 R=   1e+05
Depth=     405 States=  1.4e+07 Transitions= 3.09e+07 Memory=   741.924	t=   97.7 R=   1e+05
Depth=     405 States=  1.5e+07 Transitions= 3.31e+07 Memory=   788.342	t=    104 R=   1e+05
Depth=     405 States=  1.6e+07 Transitions= 3.53e+07 Memory=   834.361	t=    112 R=   1e+05
Depth=     405 States=  1.7e+07 Transitions= 3.76e+07 Memory=   880.780	t=    119 R=   1e+05
pan: resizing hashtable to -w25..  done
Depth=     405 States=  1.8e+07 Transitions= 3.97e+07 Memory=  1176.396	t=    128 R=   1e+05
Depth=     405 States=  1.9e+07 Transitions= 4.19e+07 Memory=  1222.014	t=    134 R=   1e+05
Depth=     405 States=    2e+07 Transitions= 4.42e+07 Memory=  1268.833	t=    142 R=   1e+05
Depth=     405 States=  2.1e+07 Transitions= 4.65e+07 Memory=  1315.652	t=    148 R=   1e+05
Depth=     405 States=  2.2e+07 Transitions= 4.86e+07 Memory=  1363.271	t=    156 R=   1e+05
Depth=     405 States=  2.3e+07 Transitions= 5.08e+07 Memory=  1410.090	t=    164 R=   1e+05
Depth=     405 States=  2.4e+07 Transitions= 5.31e+07 Memory=  1457.309	t=    172 R=   1e+05
Depth=     405 States=  2.5e+07 Transitions= 5.56e+07 Memory=  1504.929	t=    180 R=   1e+05
Depth=     405 States=  2.6e+07 Transitions=  5.8e+07 Memory=  1552.948	t=    189 R=   1e+05
Depth=     405 States=  2.7e+07 Transitions= 6.04e+07 Memory=  1598.967	t=    197 R=   1e+05
Depth=     405 States=  2.8e+07 Transitions= 6.29e+07 Memory=  1645.385	t=    206 R=   1e+05
Depth=     405 States=  2.9e+07 Transitions= 6.53e+07 Memory=  1693.805	t=    215 R=   1e+05
Depth=     405 States=    3e+07 Transitions= 6.77e+07 Memory=  1741.824	t=    223 R=   1e+05
Depth=     405 States=  3.1e+07 Transitions= 7.02e+07 Memory=  1787.843	t=    232 R=   1e+05
Depth=     405 States=  3.2e+07 Transitions= 7.26e+07 Memory=  1833.461	t=    240 R=   1e+05
Depth=     405 States=  3.3e+07 Transitions= 7.51e+07 Memory=  1879.480	t=    249 R=   1e+05
Depth=     405 States=  3.4e+07 Transitions= 7.75e+07 Memory=  1925.098	t=    258 R=   1e+05
Depth=     405 States=  3.5e+07 Transitions= 8.02e+07 Memory=  1973.518	t=    267 R=   1e+05
Depth=     405 States=  3.6e+07 Transitions= 8.27e+07 Memory=  2024.339	t=    276 R=   1e+05
Depth=     405 States=  3.7e+07 Transitions= 8.51e+07 Memory=  2074.759	t=    285 R=   1e+05
Depth=     405 States=  3.8e+07 Transitions= 8.72e+07 Memory=  2123.178	t=    292 R=   1e+05
Depth=     405 States=  3.9e+07 Transitions= 8.95e+07 Memory=  2171.198	t=    301 R=   1e+05
Depth=     405 States=    4e+07 Transitions= 9.16e+07 Memory=  2219.217	t=    308 R=   1e+05
Depth=     406 States=  4.1e+07 Transitions= 9.37e+07 Memory=  2267.637	t=    316 R=   1e+05
Depth=     406 States=  4.2e+07 Transitions= 9.59e+07 Memory=  2314.056	t=    324 R=   1e+05
Depth=     406 States=  4.3e+07 Transitions= 9.81e+07 Memory=  2361.275	t=    332 R=   1e+05
Depth=     406 States=  4.4e+07 Transitions=    1e+08 Memory=  2407.293	t=    340 R=   1e+05
Depth=     406 States=  4.5e+07 Transitions= 1.03e+08 Memory=  2454.913	t=    348 R=   1e+05
Depth=     406 States=  4.6e+07 Transitions= 1.05e+08 Memory=  2501.731	t=    355 R=   1e+05
Depth=     406 States=  4.7e+07 Transitions= 1.07e+08 Memory=  2548.150	t=    363 R=   1e+05
Depth=     406 States=  4.8e+07 Transitions= 1.09e+08 Memory=  2594.969	t=    372 R=   1e+05
Depth=     406 States=  4.9e+07 Transitions= 1.11e+08 Memory=  2641.388	t=    379 R=   1e+05
Depth=     406 States=    5e+07 Transitions= 1.13e+08 Memory=  2687.407	t=    387 R=   1e+05
Depth=     406 States=  5.1e+07 Transitions= 1.15e+08 Memory=  2734.626	t=    395 R=   1e+05
Depth=     406 States=  5.2e+07 Transitions= 1.17e+08 Memory=  2781.445	t=    402 R=   1e+05
Depth=     406 States=  5.3e+07 Transitions=  1.2e+08 Memory=  2828.664	t=    411 R=   1e+05
Depth=     406 States=  5.4e+07 Transitions= 1.22e+08 Memory=  2875.883	t=    420 R=   1e+05
Depth=     406 States=  5.5e+07 Transitions= 1.24e+08 Memory=  2923.502	t=    428 R=   1e+05
Depth=     406 States=  5.6e+07 Transitions= 1.27e+08 Memory=  2969.120	t=    437 R=   1e+05
Depth=     406 States=  5.7e+07 Transitions= 1.29e+08 Memory=  3015.139	t=    446 R=   1e+05
Depth=     406 States=  5.8e+07 Transitions= 1.32e+08 Memory=  3061.558	t=    455 R=   1e+05
Depth=     406 States=  5.9e+07 Transitions= 1.34e+08 Memory=  3108.777	t=    464 R=   1e+05
Depth=     406 States=    6e+07 Transitions= 1.36e+08 Memory=  3156.796	t=    473 R=   1e+05
Depth=     406 States=  6.1e+07 Transitions= 1.39e+08 Memory=  3202.815	t=    482 R=   1e+05
Depth=     406 States=  6.2e+07 Transitions= 1.41e+08 Memory=  3248.433	t=    490 R=   1e+05
Depth=     406 States=  6.3e+07 Transitions= 1.44e+08 Memory=  3294.052	t=    499 R=   1e+05
Depth=     406 States=  6.4e+07 Transitions= 1.46e+08 Memory=  3340.070	t=    508 R=   1e+05
Depth=     406 States=  6.5e+07 Transitions= 1.48e+08 Memory=  3385.689	t=    517 R=   1e+05
Depth=     406 States=  6.6e+07 Transitions= 1.51e+08 Memory=  3431.707	t=    527 R=   1e+05
Depth=     406 States=  6.7e+07 Transitions= 1.54e+08 Memory=  3480.527	t=    536 R=   1e+05
Depth=     406 States=  6.8e+07 Transitions= 1.56e+08 Memory=  3527.746	t=    546 R=   1e+05
pan: resizing hashtable to -w27..  done
Depth=     406 States=  6.9e+07 Transitions= 1.58e+08 Memory=  4568.553	t=    567 R=   1e+05
Depth=     406 States=    7e+07 Transitions= 1.61e+08 Memory=  4616.172	t=    575 R=   1e+05
Depth=     406 States=  7.1e+07 Transitions= 1.63e+08 Memory=  4665.392	t=    582 R=   1e+05
Depth=     406 States=  7.2e+07 Transitions= 1.65e+08 Memory=  4713.412	t=    590 R=   1e+05
Depth=     406 States=  7.3e+07 Transitions= 1.67e+08 Memory=  4760.230	t=    598 R=   1e+05
Depth=     406 States=  7.4e+07 Transitions=  1.7e+08 Memory=  4807.049	t=    607 R=   1e+05
Depth=     406 States=  7.5e+07 Transitions= 1.72e+08 Memory=  4855.069	t=    616 R=   1e+05
Depth=     406 States=  7.6e+07 Transitions= 1.75e+08 Memory=  4902.688	t=    625 R=   1e+05
Depth=     406 States=  7.7e+07 Transitions= 1.77e+08 Memory=  4949.907	t=    633 R=   1e+05
Depth=     406 States=  7.8e+07 Transitions= 1.79e+08 Memory=  4995.526	t=    641 R=   1e+05
Depth=     406 States=  7.9e+07 Transitions= 1.82e+08 Memory=  5041.544	t=    649 R=   1e+05
Depth=     406 States=    8e+07 Transitions= 1.84e+08 Memory=  5087.163	t=    658 R=   1e+05
Depth=     406 States=  8.1e+07 Transitions= 1.87e+08 Memory=  5133.181	t=    667 R=   1e+05
Depth=     406 States=  8.2e+07 Transitions= 1.89e+08 Memory=  5178.800	t=    676 R=   1e+05
Depth=     406 States=  8.3e+07 Transitions= 1.91e+08 Memory=  5224.418	t=    683 R=   1e+05
Depth=     406 States=  8.4e+07 Transitions= 1.93e+08 Memory=  5270.437	t=    691 R=   1e+05
Depth=     406 States=  8.5e+07 Transitions= 1.95e+08 Memory=  5316.055	t=    698 R=   1e+05
Depth=     406 States=  8.6e+07 Transitions= 1.97e+08 Memory=  5362.074	t=    705 R=   1e+05
Depth=     406 States=  8.7e+07 Transitions= 1.99e+08 Memory=  5407.692	t=    713 R=   1e+05
Depth=     406 States=  8.8e+07 Transitions= 2.02e+08 Memory=  5453.311	t=    720 R=   1e+05
Depth=     406 States=  8.9e+07 Transitions= 2.04e+08 Memory=  5499.329	t=    728 R=   1e+05
Depth=     406 States=    9e+07 Transitions= 2.06e+08 Memory=  5544.948	t=    736 R=   1e+05
Depth=     406 States=  9.1e+07 Transitions= 2.08e+08 Memory=  5590.966	t=    744 R=   1e+05
Depth=     406 States=  9.2e+07 Transitions=  2.1e+08 Memory=  5636.585	t=    752 R=   1e+05
Depth=     406 States=  9.3e+07 Transitions= 2.13e+08 Memory=  5682.203	t=    760 R=   1e+05
Depth=     406 States=  9.4e+07 Transitions= 2.15e+08 Memory=  5728.222	t=    768 R=   1e+05
Depth=     406 States=  9.5e+07 Transitions= 2.17e+08 Memory=  5773.840	t=    776 R=   1e+05
Depth=     406 States=  9.6e+07 Transitions=  2.2e+08 Memory=  5819.859	t=    784 R=   1e+05
Depth=     406 States=  9.7e+07 Transitions= 2.22e+08 Memory=  5865.477	t=    792 R=   1e+05
Depth=     406 States=  9.8e+07 Transitions= 2.24e+08 Memory=  5911.096	t=    800 R=   1e+05
Depth=     406 States=  9.9e+07 Transitions= 2.26e+08 Memory=  5957.114	t=    808 R=   1e+05
Depth=     406 States=    1e+08 Transitions= 2.29e+08 Memory=  6002.733	t=    817 R=   1e+05
Depth=     406 States= 1.01e+08 Transitions= 2.31e+08 Memory=  6048.751	t=    826 R=   1e+05
Depth=     406 States= 1.02e+08 Transitions= 2.34e+08 Memory=  6094.370	t=    835 R=   1e+05
Depth=     406 States= 1.03e+08 Transitions= 2.36e+08 Memory=  6139.988	t=    844 R=   1e+05
Depth=     406 States= 1.04e+08 Transitions= 2.39e+08 Memory=  6186.007	t=    854 R=   1e+05
Depth=     406 States= 1.05e+08 Transitions= 2.41e+08 Memory=  6231.625	t=    862 R=   1e+05
Depth=     406 States= 1.06e+08 Transitions= 2.44e+08 Memory=  6277.644	t=    869 R=   1e+05
Depth=     406 States= 1.07e+08 Transitions= 2.46e+08 Memory=  6323.262	t=    876 R=   1e+05
Depth=     406 States= 1.08e+08 Transitions= 2.48e+08 Memory=  6368.881	t=    884 R=   1e+05
Depth=     406 States= 1.09e+08 Transitions=  2.5e+08 Memory=  6414.899	t=    893 R=   1e+05
Depth=     406 States=  1.1e+08 Transitions= 2.53e+08 Memory=  6460.518	t=    901 R=   1e+05
Depth=     406 States= 1.11e+08 Transitions= 2.55e+08 Memory=  6506.536	t=    910 R=   1e+05
Depth=     406 States= 1.12e+08 Transitions= 2.57e+08 Memory=  6552.155	t=    919 R=   1e+05
Depth=     406 States= 1.13e+08 Transitions=  2.6e+08 Memory=  6597.773	t=    928 R=   1e+05
Depth=     406 States= 1.14e+08 Transitions= 2.62e+08 Memory=  6643.792	t=    937 R=   1e+05
Depth=     406 States= 1.15e+08 Transitions= 2.65e+08 Memory=  6691.011	t=    945 R=   1e+05
Depth=     406 States= 1.16e+08 Transitions= 2.67e+08 Memory=  6738.630	t=    952 R=   1e+05
Depth=     406 States= 1.17e+08 Transitions= 2.69e+08 Memory=  6786.249	t=    961 R=   1e+05
Depth=     406 States= 1.18e+08 Transitions= 2.71e+08 Memory=  6831.868	t=    969 R=   1e+05
Depth=     406 States= 1.19e+08 Transitions= 2.74e+08 Memory=  6877.486	t=    976 R=   1e+05
Depth=     406 States=  1.2e+08 Transitions= 2.76e+08 Memory=  6924.705	t=    985 R=   1e+05
Depth=     406 States= 1.21e+08 Transitions= 2.78e+08 Memory=  6972.325	t=    994 R=   1e+05
Depth=     406 States= 1.22e+08 Transitions= 2.81e+08 Memory=  7020.744	t=  1e+03 R=   1e+05
Depth=     406 States= 1.23e+08 Transitions= 2.83e+08 Memory=  7066.363	t= 1.01e+03 R=   1e+05
Depth=     406 States= 1.24e+08 Transitions= 2.85e+08 Memory=  7112.381	t= 1.02e+03 R=   1e+05
Depth=     406 States= 1.25e+08 Transitions= 2.87e+08 Memory=  7158.000	t= 1.03e+03 R=   1e+05
Depth=     406 States= 1.26e+08 Transitions=  2.9e+08 Memory=  7204.418	t= 1.03e+03 R=   1e+05
Depth=     406 States= 1.27e+08 Transitions= 2.92e+08 Memory=  7251.237	t= 1.04e+03 R=   1e+05
Depth=     406 States= 1.28e+08 Transitions= 2.95e+08 Memory=  7297.256	t= 1.05e+03 R=   1e+05
Depth=     406 States= 1.29e+08 Transitions= 2.97e+08 Memory=  7342.874	t= 1.06e+03 R=   1e+05
Depth=     406 States=  1.3e+08 Transitions= 2.99e+08 Memory=  7388.893	t= 1.07e+03 R=   1e+05
Depth=     406 States= 1.31e+08 Transitions= 3.02e+08 Memory=  7435.712	t= 1.08e+03 R=   1e+05
Depth=     406 States= 1.32e+08 Transitions= 3.04e+08 Memory=  7482.531	t= 1.09e+03 R=   1e+05
Depth=     406 States= 1.33e+08 Transitions= 3.06e+08 Memory=  7528.549	t= 1.09e+03 R=   1e+05
Depth=     406 States= 1.34e+08 Transitions= 3.08e+08 Memory=  7576.569	t= 1.1e+03 R=   1e+05
Depth=     406 States= 1.35e+08 Transitions= 3.11e+08 Memory=  7622.587	t= 1.11e+03 R=   1e+05
Depth=     406 States= 1.36e+08 Transitions= 3.13e+08 Memory=  7668.606	t= 1.12e+03 R=   1e+05
Depth=     406 States= 1.37e+08 Transitions= 3.15e+08 Memory=  7715.425	t= 1.13e+03 R=   1e+05
Depth=     406 States= 1.38e+08 Transitions= 3.17e+08 Memory=  7761.444	t= 1.13e+03 R=   1e+05
Depth=     406 States= 1.39e+08 Transitions= 3.19e+08 Memory=  7807.062	t= 1.14e+03 R=   1e+05
Depth=     406 States=  1.4e+08 Transitions= 3.22e+08 Memory=  7853.881	t= 1.15e+03 R=   1e+05
Depth=     406 States= 1.41e+08 Transitions= 3.24e+08 Memory=  7900.300	t= 1.16e+03 R=   1e+05
Depth=     406 States= 1.42e+08 Transitions= 3.26e+08 Memory=  7947.119	t= 1.17e+03 R=   1e+05
Depth=     406 States= 1.43e+08 Transitions= 3.29e+08 Memory=  7994.338	t= 1.18e+03 R=   1e+05
Depth=     406 States= 1.44e+08 Transitions= 3.31e+08 Memory=  8041.157	t= 1.19e+03 R=   1e+05
Depth=     406 States= 1.45e+08 Transitions= 3.34e+08 Memory=  8086.775	t= 1.2e+03 R=   1e+05
Depth=     406 States= 1.46e+08 Transitions= 3.36e+08 Memory=  8133.194	t= 1.2e+03 R=   1e+05
Depth=     406 States= 1.47e+08 Transitions= 3.39e+08 Memory=  8180.413	t= 1.21e+03 R=   1e+05
Depth=     406 States= 1.48e+08 Transitions= 3.41e+08 Memory=  8227.632	t= 1.22e+03 R=   1e+05
Depth=     406 States= 1.49e+08 Transitions= 3.44e+08 Memory=  8273.651	t= 1.23e+03 R=   1e+05
Depth=     406 States=  1.5e+08 Transitions= 3.46e+08 Memory=  8319.269	t= 1.24e+03 R=   1e+05
Depth=     406 States= 1.51e+08 Transitions= 3.49e+08 Memory=  8365.288	t= 1.25e+03 R=   1e+05
Depth=     406 States= 1.52e+08 Transitions= 3.51e+08 Memory=  8410.906	t= 1.26e+03 R=   1e+05
Depth=     406 States= 1.53e+08 Transitions= 3.54e+08 Memory=  8456.925	t= 1.27e+03 R=   1e+05
Depth=     406 States= 1.54e+08 Transitions= 3.57e+08 Memory=  8505.344	t= 1.28e+03 R=   1e+05
Depth=     406 States= 1.55e+08 Transitions= 3.59e+08 Memory=  8554.164	t= 1.29e+03 R=   1e+05
Depth=     406 States= 1.56e+08 Transitions= 3.62e+08 Memory=  8602.584	t= 1.3e+03 R=   1e+05
Depth=     406 States= 1.57e+08 Transitions= 3.64e+08 Memory=  8650.203	t= 1.31e+03 R=   1e+05
Depth=     406 States= 1.58e+08 Transitions= 3.66e+08 Memory=  8697.422	t= 1.31e+03 R=   1e+05
Depth=     406 States= 1.59e+08 Transitions= 3.69e+08 Memory=  8744.641	t= 1.32e+03 R=   1e+05
Depth=     406 States=  1.6e+08 Transitions= 3.71e+08 Memory=  8793.061	t= 1.33e+03 R=   1e+05
Depth=     406 States= 1.61e+08 Transitions= 3.74e+08 Memory=  8840.680	t= 1.34e+03 R=   1e+05
Depth=     406 States= 1.62e+08 Transitions= 3.76e+08 Memory=  8888.699	t= 1.35e+03 R=   1e+05
Depth=     406 States= 1.63e+08 Transitions= 3.79e+08 Memory=  8937.919	t= 1.36e+03 R=   1e+05
Depth=     406 States= 1.64e+08 Transitions= 3.81e+08 Memory=  8983.537	t= 1.37e+03 R=   1e+05
Depth=     406 States= 1.65e+08 Transitions= 3.84e+08 Memory=  9029.556	t= 1.38e+03 R=   1e+05
Depth=     406 States= 1.66e+08 Transitions= 3.86e+08 Memory=  9075.575	t= 1.39e+03 R=   1e+05
Depth=     406 States= 1.67e+08 Transitions= 3.89e+08 Memory=  9122.794	t= 1.4e+03 R=   1e+05
Depth=     406 States= 1.68e+08 Transitions= 3.91e+08 Memory=  9169.213	t= 1.4e+03 R=   1e+05
Depth=     406 States= 1.69e+08 Transitions= 3.93e+08 Memory=  9214.831	t= 1.41e+03 R=   1e+05
Depth=     406 States=  1.7e+08 Transitions= 3.96e+08 Memory=  9260.449	t= 1.42e+03 R=   1e+05
Depth=     406 States= 1.71e+08 Transitions= 3.98e+08 Memory=  9306.468	t= 1.43e+03 R=   1e+05
Depth=     406 States= 1.72e+08 Transitions= 4.01e+08 Memory=  9352.086	t= 1.44e+03 R=   1e+05
Depth=     406 States= 1.73e+08 Transitions= 4.03e+08 Memory=  9398.105	t= 1.45e+03 R=   1e+05
Depth=     406 States= 1.74e+08 Transitions= 4.06e+08 Memory=  9443.723	t= 1.46e+03 R=   1e+05
Depth=     406 States= 1.75e+08 Transitions= 4.08e+08 Memory=  9489.342	t= 1.47e+03 R=   1e+05
Depth=     406 States= 1.76e+08 Transitions= 4.11e+08 Memory=  9535.361	t= 1.48e+03 R=   1e+05
Depth=     406 States= 1.77e+08 Transitions= 4.13e+08 Memory=  9580.979	t= 1.48e+03 R=   1e+05
Depth=     406 States= 1.78e+08 Transitions= 4.15e+08 Memory=  9626.998	t= 1.49e+03 R=   1e+05
Depth=     406 States= 1.79e+08 Transitions= 4.17e+08 Memory=  9672.616	t= 1.5e+03 R=   1e+05
Depth=     406 States=  1.8e+08 Transitions= 4.19e+08 Memory=  9718.234	t= 1.51e+03 R=   1e+05
Depth=     406 States= 1.81e+08 Transitions= 4.21e+08 Memory=  9764.253	t= 1.51e+03 R=   1e+05
Depth=     406 States= 1.82e+08 Transitions= 4.23e+08 Memory=  9809.871	t= 1.52e+03 R=   1e+05
Depth=     406 States= 1.83e+08 Transitions= 4.25e+08 Memory=  9855.890	t= 1.53e+03 R=   1e+05
Depth=     406 States= 1.84e+08 Transitions= 4.28e+08 Memory=  9901.509	t= 1.54e+03 R=   1e+05
Depth=     406 States= 1.85e+08 Transitions=  4.3e+08 Memory=  9947.127	t= 1.55e+03 R=   1e+05
Depth=     406 States= 1.86e+08 Transitions= 4.32e+08 Memory=  9993.146	t= 1.55e+03 R=   1e+05
Depth=     406 States= 1.87e+08 Transitions= 4.34e+08 Memory= 10038.764	t= 1.56e+03 R=   1e+05
Depth=     406 States= 1.88e+08 Transitions= 4.36e+08 Memory= 10084.783	t= 1.57e+03 R=   1e+05
Depth=     406 States= 1.89e+08 Transitions= 4.38e+08 Memory= 10130.401	t= 1.58e+03 R=   1e+05
Depth=     406 States=  1.9e+08 Transitions=  4.4e+08 Memory= 10176.420	t= 1.58e+03 R=   1e+05
Depth=     406 States= 1.91e+08 Transitions= 4.42e+08 Memory= 10222.038	t= 1.59e+03 R=   1e+05
Depth=     406 States= 1.92e+08 Transitions= 4.45e+08 Memory= 10267.657	t= 1.6e+03 R=   1e+05
Depth=     406 States= 1.93e+08 Transitions= 4.47e+08 Memory= 10313.675	t= 1.61e+03 R=   1e+05
Depth=     406 States= 1.94e+08 Transitions=  4.5e+08 Memory= 10359.294	t= 1.62e+03 R=   1e+05
Depth=     406 States= 1.95e+08 Transitions= 4.52e+08 Memory= 10405.312	t= 1.63e+03 R=   1e+05
Depth=     406 States= 1.96e+08 Transitions= 4.55e+08 Memory= 10450.931	t= 1.64e+03 R=   1e+05
Depth=     406 States= 1.97e+08 Transitions= 4.57e+08 Memory= 10496.549	t= 1.65e+03 R=   1e+05
Depth=     406 States= 1.98e+08 Transitions=  4.6e+08 Memory= 10542.568	t= 1.65e+03 R=   1e+05
Depth=     406 States= 1.99e+08 Transitions= 4.62e+08 Memory= 10588.186	t= 1.66e+03 R=   1e+05
Depth=     406 States=    2e+08 Transitions= 4.64e+08 Memory= 10634.205	t= 1.67e+03 R=   1e+05
Depth=     406 States= 2.01e+08 Transitions= 4.66e+08 Memory= 10679.823	t= 1.68e+03 R=   1e+05
Depth=     406 States= 2.02e+08 Transitions= 4.69e+08 Memory= 10725.442	t= 1.69e+03 R=   1e+05
Depth=     406 States= 2.03e+08 Transitions= 4.71e+08 Memory= 10771.460	t= 1.7e+03 R=   1e+05
Depth=     406 States= 2.04e+08 Transitions= 4.74e+08 Memory= 10817.079	t= 1.71e+03 R=   1e+05
Depth=     406 States= 2.05e+08 Transitions= 4.77e+08 Memory= 10863.097	t= 1.72e+03 R=   1e+05
Depth=     406 States= 2.06e+08 Transitions= 4.79e+08 Memory= 10908.716	t= 1.72e+03 R=   1e+05
Depth=     406 States= 2.07e+08 Transitions= 4.81e+08 Memory= 10954.334	t= 1.73e+03 R=   1e+05
Depth=     406 States= 2.08e+08 Transitions= 4.84e+08 Memory= 11000.353	t= 1.74e+03 R=   1e+05
Depth=     406 States= 2.09e+08 Transitions= 4.86e+08 Memory= 11045.971	t= 1.75e+03 R=   1e+05
Depth=     406 States=  2.1e+08 Transitions= 4.89e+08 Memory= 11091.990	t= 1.76e+03 R=   1e+05
Depth=     406 States= 2.11e+08 Transitions= 4.91e+08 Memory= 11137.608	t= 1.77e+03 R=   1e+05
Depth=     406 States= 2.12e+08 Transitions= 4.93e+08 Memory= 11183.227	t= 1.78e+03 R=   1e+05
Depth=     406 States= 2.13e+08 Transitions= 4.95e+08 Memory= 11229.245	t= 1.78e+03 R=   1e+05
Depth=     406 States= 2.14e+08 Transitions= 4.98e+08 Memory= 11274.864	t= 1.79e+03 R=   1e+05
Depth=     406 States= 2.15e+08 Transitions=    5e+08 Memory= 11320.882	t= 1.8e+03 R=   1e+05
Depth=     406 States= 2.16e+08 Transitions= 5.03e+08 Memory= 11366.501	t= 1.81e+03 R=   1e+05
Depth=     406 States= 2.17e+08 Transitions= 5.05e+08 Memory= 11412.119	t= 1.82e+03 R=   1e+05
Depth=     406 States= 2.18e+08 Transitions= 5.08e+08 Memory= 11458.138	t= 1.83e+03 R=   1e+05
Depth=     406 States= 2.19e+08 Transitions=  5.1e+08 Memory= 11503.756	t= 1.84e+03 R=   1e+05
Depth=     406 States=  2.2e+08 Transitions= 5.13e+08 Memory= 11549.775	t= 1.85e+03 R=   1e+05
Depth=     406 States= 2.21e+08 Transitions= 5.15e+08 Memory= 11595.393	t= 1.86e+03 R=   1e+05
Depth=     406 States= 2.22e+08 Transitions= 5.17e+08 Memory= 11641.012	t= 1.86e+03 R=   1e+05
Depth=     406 States= 2.23e+08 Transitions= 5.19e+08 Memory= 11687.030	t= 1.87e+03 R=   1e+05
Depth=     406 States= 2.24e+08 Transitions= 5.22e+08 Memory= 11732.649	t= 1.88e+03 R=   1e+05
Depth=     406 States= 2.25e+08 Transitions= 5.24e+08 Memory= 11778.667	t= 1.89e+03 R=   1e+05
Depth=     406 States= 2.26e+08 Transitions= 5.27e+08 Memory= 11824.286	t= 1.9e+03 R=   1e+05
Depth=     406 States= 2.27e+08 Transitions=  5.3e+08 Memory= 11869.904	t= 1.91e+03 R=   1e+05
Depth=     406 States= 2.28e+08 Transitions= 5.32e+08 Memory= 11915.923	t= 1.92e+03 R=   1e+05
Depth=     406 States= 2.29e+08 Transitions= 5.35e+08 Memory= 11962.342	t= 1.93e+03 R=   1e+05
Depth=     406 States=  2.3e+08 Transitions= 5.37e+08 Memory= 12011.962	t= 1.94e+03 R=   1e+05
Depth=     406 States= 2.31e+08 Transitions= 5.39e+08 Memory= 12060.381	t= 1.95e+03 R=   1e+05
Depth=     406 States= 2.32e+08 Transitions= 5.42e+08 Memory= 12106.000	t= 1.96e+03 R=   1e+05
Depth=     406 States= 2.33e+08 Transitions= 5.44e+08 Memory= 12152.018	t= 1.97e+03 R=   1e+05
Depth=     406 States= 2.34e+08 Transitions= 5.46e+08 Memory= 12198.037	t= 1.97e+03 R=   1e+05
Depth=     406 States= 2.35e+08 Transitions= 5.49e+08 Memory= 12245.656	t= 1.98e+03 R=   1e+05
Depth=     406 States= 2.36e+08 Transitions= 5.52e+08 Memory= 12292.875	t= 1.99e+03 R=   1e+05
Depth=     406 States= 2.37e+08 Transitions= 5.54e+08 Memory= 12338.894	t=  2e+03 R=   1e+05
Depth=     406 States= 2.38e+08 Transitions= 5.57e+08 Memory= 12384.912	t= 2.01e+03 R=   1e+05
Depth=     406 States= 2.39e+08 Transitions= 5.59e+08 Memory= 12430.531	t= 2.02e+03 R=   1e+05
Depth=     406 States=  2.4e+08 Transitions= 5.61e+08 Memory= 12476.549	t= 2.03e+03 R=   1e+05
Depth=     406 States= 2.41e+08 Transitions= 5.64e+08 Memory= 12522.568	t= 2.04e+03 R=   1e+05
Depth=     406 States= 2.42e+08 Transitions= 5.66e+08 Memory= 12568.987	t= 2.05e+03 R=   1e+05
Depth=     406 States= 2.43e+08 Transitions= 5.68e+08 Memory= 12615.806	t= 2.06e+03 R=   1e+05
Depth=     406 States= 2.44e+08 Transitions= 5.71e+08 Memory= 12662.224	t= 2.07e+03 R=   1e+05
Depth=     406 States= 2.45e+08 Transitions= 5.73e+08 Memory= 12708.643	t= 2.07e+03 R=   1e+05
Depth=     406 States= 2.46e+08 Transitions= 5.75e+08 Memory= 12754.662	t= 2.08e+03 R=   1e+05
Depth=     406 States= 2.47e+08 Transitions= 5.77e+08 Memory= 12800.680	t= 2.09e+03 R=   1e+05
Depth=     406 States= 2.48e+08 Transitions= 5.79e+08 Memory= 12847.099	t= 2.1e+03 R=   1e+05
Depth=     406 States= 2.49e+08 Transitions= 5.82e+08 Memory= 12893.518	t= 2.11e+03 R=   1e+05
Depth=     406 States=  2.5e+08 Transitions= 5.84e+08 Memory= 12939.536	t= 2.12e+03 R=   1e+05
Depth=     406 States= 2.51e+08 Transitions= 5.87e+08 Memory= 12985.555	t= 2.12e+03 R=   1e+05
Depth=     406 States= 2.52e+08 Transitions= 5.89e+08 Memory= 13032.374	t= 2.13e+03 R=   1e+05
Depth=     406 States= 2.53e+08 Transitions= 5.92e+08 Memory= 13077.992	t= 2.14e+03 R=   1e+05
Depth=     406 States= 2.54e+08 Transitions= 5.94e+08 Memory= 13124.011	t= 2.15e+03 R=   1e+05
Depth=     406 States= 2.55e+08 Transitions= 5.96e+08 Memory= 13169.629	t= 2.16e+03 R=   1e+05
Depth=     406 States= 2.56e+08 Transitions= 5.99e+08 Memory= 13215.648	t= 2.17e+03 R=   1e+05
Depth=     406 States= 2.57e+08 Transitions= 6.02e+08 Memory= 13262.067	t= 2.18e+03 R=   1e+05
Depth=     406 States= 2.58e+08 Transitions= 6.04e+08 Memory= 13309.286	t= 2.19e+03 R=   1e+05
Depth=     406 States= 2.59e+08 Transitions= 6.07e+08 Memory= 13356.105	t= 2.2e+03 R=   1e+05
Depth=     406 States=  2.6e+08 Transitions= 6.09e+08 Memory= 13403.724	t= 2.21e+03 R=   1e+05
Depth=     406 States= 2.61e+08 Transitions= 6.11e+08 Memory= 13451.744	t= 2.22e+03 R=   1e+05
Depth=     406 States= 2.62e+08 Transitions= 6.14e+08 Memory= 13498.162	t= 2.23e+03 R=   1e+05
Depth=     406 States= 2.63e+08 Transitions= 6.16e+08 Memory= 13544.181	t= 2.24e+03 R=   1e+05
Depth=     406 States= 2.64e+08 Transitions= 6.19e+08 Memory= 13590.199	t= 2.25e+03 R=   1e+05
Depth=     406 States= 2.65e+08 Transitions= 6.21e+08 Memory= 13635.818	t= 2.26e+03 R=   1e+05
Depth=     406 States= 2.66e+08 Transitions= 6.23e+08 Memory= 13681.837	t= 2.26e+03 R=   1e+05
Depth=     406 States= 2.67e+08 Transitions= 6.26e+08 Memory= 13727.455	t= 2.27e+03 R=   1e+05
Depth=     406 States= 2.68e+08 Transitions= 6.28e+08 Memory= 13773.073	t= 2.28e+03 R=   1e+05
Depth=     406 States= 2.69e+08 Transitions=  6.3e+08 Memory= 13819.092	t= 2.29e+03 R=   1e+05
pan: resizing hashtable to -w29..  done
Depth=     406 States=  2.7e+08 Transitions= 6.33e+08 Memory= 17915.092	t= 2.37e+03 R=   1e+05
Depth=     406 States= 2.71e+08 Transitions= 6.35e+08 Memory= 17915.092	t= 2.38e+03 R=   1e+05
Depth=     406 States= 2.72e+08 Transitions= 6.38e+08 Memory= 17924.696	t= 2.38e+03 R=   1e+05
Depth=     406 States= 2.73e+08 Transitions=  6.4e+08 Memory= 17970.314	t= 2.39e+03 R=   1e+05
Depth=     406 States= 2.74e+08 Transitions= 6.42e+08 Memory= 18016.333	t= 2.4e+03 R=   1e+05
Depth=     406 States= 2.75e+08 Transitions= 6.45e+08 Memory= 18061.951	t= 2.41e+03 R=   1e+05
Depth=     406 States= 2.76e+08 Transitions= 6.47e+08 Memory= 18107.570	t= 2.42e+03 R=   1e+05
Depth=     406 States= 2.77e+08 Transitions=  6.5e+08 Memory= 18153.588	t= 2.43e+03 R=   1e+05
Depth=     406 States= 2.78e+08 Transitions= 6.52e+08 Memory= 18199.207	t= 2.44e+03 R=   1e+05
Depth=     406 States= 2.79e+08 Transitions= 6.55e+08 Memory= 18246.426	t= 2.45e+03 R=   1e+05
Depth=     406 States=  2.8e+08 Transitions= 6.57e+08 Memory= 18292.445	t= 2.45e+03 R=   1e+05
Depth=     406 States= 2.81e+08 Transitions= 6.59e+08 Memory= 18338.463	t= 2.46e+03 R=   1e+05
Depth=     406 States= 2.82e+08 Transitions= 6.62e+08 Memory= 18386.082	t= 2.47e+03 R=   1e+05
Depth=     406 States= 2.83e+08 Transitions= 6.64e+08 Memory= 18431.701	t= 2.48e+03 R=   1e+05
Depth=     406 States= 2.84e+08 Transitions= 6.66e+08 Memory= 18477.719	t= 2.49e+03 R=   1e+05
Depth=     406 States= 2.85e+08 Transitions= 6.69e+08 Memory= 18523.338	t= 2.5e+03 R=   1e+05
Depth=     406 States= 2.86e+08 Transitions= 6.71e+08 Memory= 18570.557	t= 2.51e+03 R=   1e+05
Depth=     406 States= 2.87e+08 Transitions= 6.73e+08 Memory= 18618.576	t= 2.51e+03 R=   1e+05
Depth=     406 States= 2.88e+08 Transitions= 6.76e+08 Memory= 18665.795	t= 2.52e+03 R=   1e+05

(Spin Version 6.0.1 -- 16 December 2010)
	+ Partial Order Reduction
	+ Compression

Full statespace search for:
	never claim         	- (none specified)
	assertion violations	+
	cycle checks       	- (disabled by -DSAFETY)
	invalid end states	+

State-vector 1208 byte, depth reached 406, errors: 0
2.8863499e+08 states, stored
3.8855251e+08 states, matched
6.771875e+08 transitions (= stored+matched)
        0 atomic steps
hash conflicts: 3.6869104e+08 (resolved)

Stats on memory usage (in Megabytes):
340226.029	equivalent memory usage for states (stored*(State-vector + overhead))
14601.125	actual memory usage for states (compression: 4.29%)
         	state-vector as stored = 25 byte + 28 byte overhead
 4096.000	memory used for hash table (-w29)
    0.458	memory used for DFS stack (-m10000)
    2.577	memory lost to fragmentation
18695.007	total actual memory usage

nr of templates: [ globals chans procs ]
collapse counts: [ 636938 109 677 21 18 82 6 ]
unreached in proctype lockP
	code/distributed.p:119, state 23, "assert(0)"
	code/distributed.p:127, state 34, "assert((cmd==9))"
	(2 of 45 states)
unreached in proctype channel_home
	code/distributed.p:318, state 153, "(1)"
	code/distributed.p:334, state 171, "(1)"
	(2 of 189 states)
unreached in proctype PR
	(0 of 36 states)
unreached in proctype PW
	(0 of 34 states)
unreached in proctype ALT
	code/distributed.p:159, state 9, "ch_cmd_chan[0]!1,pid,255"
	code/distributed.p:158, state 10, "printf('Process %d posting write to %d\n',pid,0)"
	code/distributed.p:150, state 15, "ch_cmd_chan[1]!2,pid,255"
	code/distributed.p:149, state 16, "printf('Process %d posting read to %d\n',pid,1)"
	code/distributed.p:159, state 75, "ch_cmd_chan[0]!1,pid,255"
	code/distributed.p:158, state 76, "printf('Process %d posting write to %d\n',pid,0)"
	code/distributed.p:150, state 81, "ch_cmd_chan[1]!2,pid,255"
	code/distributed.p:149, state 82, "printf('Process %d posting read to %d\n',pid,1)"
	(8 of 133 states)
unreached in init
	(0 of 9 states)

pan: elapsed time 2.53e+03 seconds
pan: rate 114200.98 states/second
